<?xml version="1.0" encoding="UTF-8"?>
<testsuite name="com.kodilla.stream.sand.SandStorageTestSuite" tests="2" skipped="0" failures="0" errors="0" timestamp="2022-10-08T13:08:06" hostname="LAPTOP-6257JG67" time="0.014">
  <properties/>
  <testcase name="testGetSandBeanQuantity()" classname="com.kodilla.stream.sand.SandStorageTestSuite" time="0.006"/>
  <testcase name="testGetSandBeansQuantityWithReduce()" classname="com.kodilla.stream.sand.SandStorageTestSuite" time="0.005"/>
  <system-out><![CDATA[]]></system-out>
  <system-err><![CDATA[]]></system-err>
</testsuite>
