<?xml version="1.0" encoding="UTF-8"?>
<testsuite name="com.kodilla.matrix.stream.array.ArrayOperationsTestSuite" tests="1" skipped="0" failures="0" errors="0" timestamp="2023-02-24T15:18:47" hostname="LAPTOP-6257JG67" time="0.491">
  <properties/>
  <testcase name="testGetAverage()" classname="com.kodilla.matrix.stream.array.ArrayOperationsTestSuite" time="0.491"/>
  <system-out><![CDATA[5
1
6
8
78
4
13
65
48
98
74
10
3
9
15
41
56
26
36
96
]]></system-out>
  <system-err><![CDATA[]]></system-err>
</testsuite>
