<?xml version="1.0" encoding="UTF-8"?>
<testsuite name="com.kodilla.stream.book.BookTestSuite" tests="2" skipped="0" failures="0" errors="0" timestamp="2022-10-08T13:08:06" hostname="LAPTOP-6257JG67" time="0.013">
  <properties/>
  <testcase name="testGetListUsingFor()" classname="com.kodilla.stream.book.BookTestSuite" time="0.009"/>
  <testcase name="testGetListUsingIntStream()" classname="com.kodilla.stream.book.BookTestSuite" time="0.002"/>
  <system-out><![CDATA[]]></system-out>
  <system-err><![CDATA[]]></system-err>
</testsuite>
