<?xml version="1.0" encoding="UTF-8"?>
<testsuite name="com.kodilla.stream.world.WorldTestSuite" tests="1" skipped="0" failures="0" errors="0" timestamp="2022-10-08T13:08:06" hostname="LAPTOP-6257JG67" time="0.005">
  <properties/>
  <testcase name="testGetPeopleQuantity()" classname="com.kodilla.stream.world.WorldTestSuite" time="0.005"/>
  <system-out><![CDATA[]]></system-out>
  <system-err><![CDATA[]]></system-err>
</testsuite>
