<?xml version="1.0" encoding="UTF-8"?>
<testsuite name="com.kodilla.matrix.stream.portfolio.BoardTestSuite" tests="5" skipped="0" failures="0" errors="0" timestamp="2023-02-24T15:18:48" hostname="LAPTOP-6257JG67" time="0.021">
  <properties/>
  <testcase name="testAddTaskList()" classname="com.kodilla.matrix.stream.portfolio.BoardTestSuite" time="0.009"/>
  <testcase name="testAddTaskListAverageWorkingOnTask()" classname="com.kodilla.matrix.stream.portfolio.BoardTestSuite" time="0.006"/>
  <testcase name="testAddTaskListFindUsersTasks()" classname="com.kodilla.matrix.stream.portfolio.BoardTestSuite" time="0.001"/>
  <testcase name="testAddTaskListFindLongTasks()" classname="com.kodilla.matrix.stream.portfolio.BoardTestSuite" time="0.001"/>
  <testcase name="testAddTaskListFindOutdatedTasks()" classname="com.kodilla.matrix.stream.portfolio.BoardTestSuite" time="0.002"/>
  <system-out><![CDATA[]]></system-out>
  <system-err><![CDATA[]]></system-err>
</testsuite>
