<?xml version="1.0" encoding="UTF-8"?>
<testsuite name="com.kodilla.matrix.stream.world.WorldTestSuite" tests="1" skipped="0" failures="0" errors="0" timestamp="2023-02-24T15:18:48" hostname="LAPTOP-6257JG67" time="0.003">
  <properties/>
  <testcase name="testGetPeopleQuantity()" classname="com.kodilla.matrix.stream.world.WorldTestSuite" time="0.003"/>
  <system-out><![CDATA[]]></system-out>
  <system-err><![CDATA[]]></system-err>
</testsuite>
