<?xml version="1.0" encoding="UTF-8"?>
<testsuite name="com.kodilla.matrix.stream.book.BookTestSuite" tests="2" skipped="0" failures="0" errors="0" timestamp="2023-02-24T15:18:48" hostname="LAPTOP-6257JG67" time="0.004">
  <properties/>
  <testcase name="testGetListUsingFor()" classname="com.kodilla.matrix.stream.book.BookTestSuite" time="0.002"/>
  <testcase name="testGetListUsingIntStream()" classname="com.kodilla.matrix.stream.book.BookTestSuite" time="0.001"/>
  <system-out><![CDATA[]]></system-out>
  <system-err><![CDATA[]]></system-err>
</testsuite>
