<?xml version="1.0" encoding="UTF-8"?>
<testsuite name="com.kodilla.stream.invoice.SimpleInvoiceTestSuite" tests="1" skipped="0" failures="0" errors="0" timestamp="2022-10-08T13:08:06" hostname="LAPTOP-6257JG67" time="0.01">
  <properties/>
  <testcase name="testGetValueToPay()" classname="com.kodilla.stream.invoice.SimpleInvoiceTestSuite" time="0.01"/>
  <system-out><![CDATA[]]></system-out>
  <system-err><![CDATA[]]></system-err>
</testsuite>
