<?xml version="1.0" encoding="UTF-8"?>
<testsuite name="com.kodilla.spring.reader.ReaderTestSuite" tests="2" skipped="0" failures="0" errors="0" timestamp="2023-02-27T11:31:42" hostname="LAPTOP-6257JG67" time="0.021">
  <properties/>
  <testcase name="testRead()" classname="com.kodilla.spring.reader.ReaderTestSuite" time="0.01"/>
  <testcase name="testConditional()" classname="com.kodilla.spring.reader.ReaderTestSuite" time="0.01"/>
  <system-out><![CDATA[2023-02-27 12:31:41.998  INFO 28036 --- [    Test worker] .b.t.c.SpringBootTestContextBootstrapper : Neither @ContextConfiguration nor @ContextHierarchy found for test class [com.kodilla.spring.reader.ReaderTestSuite], using SpringBootContextLoader
2023-02-27 12:31:41.999  INFO 28036 --- [    Test worker] o.s.t.c.support.AbstractContextLoader    : Could not detect default resource locations for test class [com.kodilla.spring.reader.ReaderTestSuite]: no resource found for suffixes {-context.xml, Context.groovy}.
2023-02-27 12:31:41.999  INFO 28036 --- [    Test worker] t.c.s.AnnotationConfigContextLoaderUtils : Could not detect default configuration classes for test class [com.kodilla.spring.reader.ReaderTestSuite]: ReaderTestSuite does not declare any static, non-private, non-final, nested classes annotated with @Configuration.
2023-02-27 12:31:42.005  INFO 28036 --- [    Test worker] .b.t.c.SpringBootTestContextBootstrapper : Found @SpringBootConfiguration com.kodilla.spring.KodillaSpringApplication for test class com.kodilla.spring.reader.ReaderTestSuite
2023-02-27 12:31:42.007  INFO 28036 --- [    Test worker] .b.t.c.SpringBootTestContextBootstrapper : Loaded default TestExecutionListener class names from location [META-INF/spring.factories]: [org.springframework.boot.test.autoconfigure.restdocs.RestDocsTestExecutionListener, org.springframework.boot.test.autoconfigure.web.client.MockRestServiceServerResetTestExecutionListener, org.springframework.boot.test.autoconfigure.web.servlet.MockMvcPrintOnlyOnFailureTestExecutionListener, org.springframework.boot.test.autoconfigure.web.servlet.WebDriverTestExecutionListener, org.springframework.boot.test.autoconfigure.webservices.client.MockWebServiceServerTestExecutionListener, org.springframework.boot.test.mock.mockito.MockitoTestExecutionListener, org.springframework.boot.test.mock.mockito.ResetMocksTestExecutionListener, org.springframework.test.context.web.ServletTestExecutionListener, org.springframework.test.context.support.DirtiesContextBeforeModesTestExecutionListener, org.springframework.test.context.event.ApplicationEventsTestExecutionListener, org.springframework.test.context.support.DependencyInjectionTestExecutionListener, org.springframework.test.context.support.DirtiesContextTestExecutionListener, org.springframework.test.context.transaction.TransactionalTestExecutionListener, org.springframework.test.context.jdbc.SqlScriptsTestExecutionListener, org.springframework.test.context.event.EventPublishingTestExecutionListener]
2023-02-27 12:31:42.009  INFO 28036 --- [    Test worker] .b.t.c.SpringBootTestContextBootstrapper : Using TestExecutionListeners: [org.springframework.test.context.support.DirtiesContextBeforeModesTestExecutionListener@bb25753, org.springframework.test.context.event.ApplicationEventsTestExecutionListener@ee21292, org.springframework.boot.test.mock.mockito.MockitoTestExecutionListener@40c06358, org.springframework.boot.test.autoconfigure.SpringBootDependencyInjectionTestExecutionListener@66e21568, org.springframework.test.context.support.DirtiesContextTestExecutionListener@7f73ce28, org.springframework.test.context.event.EventPublishingTestExecutionListener@611b35d6, org.springframework.boot.test.autoconfigure.restdocs.RestDocsTestExecutionListener@2282400e, org.springframework.boot.test.autoconfigure.web.client.MockRestServiceServerResetTestExecutionListener@543d5863, org.springframework.boot.test.autoconfigure.web.servlet.MockMvcPrintOnlyOnFailureTestExecutionListener@35dece42, org.springframework.boot.test.autoconfigure.web.servlet.WebDriverTestExecutionListener@dd3f8aa, org.springframework.boot.test.autoconfigure.webservices.client.MockWebServiceServerTestExecutionListener@3d615b2e, org.springframework.boot.test.mock.mockito.ResetMocksTestExecutionListener@3a1f2a1]
Reading: The book number one
Book book2 was found in the container: true
]]></system-out>
  <system-err><![CDATA[]]></system-err>
</testsuite>
