<?xml version="1.0" encoding="UTF-8"?>
<testsuite name="com.kodilla.spring.calculator.CalculatorTestSuite" tests="5" skipped="0" failures="0" errors="0" timestamp="2022-10-12T13:45:45" hostname="LAPTOP-6257JG67" time="1.068">
  <properties/>
  <testcase name="testAdd()" classname="com.kodilla.spring.calculator.CalculatorTestSuite" time="0.551"/>
  <testcase name="testDiv()" classname="com.kodilla.spring.calculator.CalculatorTestSuite" time="0.149"/>
  <testcase name="testMul()" classname="com.kodilla.spring.calculator.CalculatorTestSuite" time="0.127"/>
  <testcase name="testSub()" classname="com.kodilla.spring.calculator.CalculatorTestSuite" time="0.11"/>
  <testcase name="testDivBy0()" classname="com.kodilla.spring.calculator.CalculatorTestSuite" time="0.125"/>
  <system-out><![CDATA[15:45:43.976 [Test worker] DEBUG org.springframework.test.context.BootstrapUtils - Instantiating CacheAwareContextLoaderDelegate from class [org.springframework.test.context.cache.DefaultCacheAwareContextLoaderDelegate]
15:45:43.985 [Test worker] DEBUG org.springframework.test.context.BootstrapUtils - Instantiating BootstrapContext using constructor [public org.springframework.test.context.support.DefaultBootstrapContext(java.lang.Class,org.springframework.test.context.CacheAwareContextLoaderDelegate)]
15:45:44.022 [Test worker] DEBUG org.springframework.test.context.BootstrapUtils - Instantiating TestContextBootstrapper for test class [com.kodilla.spring.calculator.CalculatorTestSuite] from class [org.springframework.boot.test.context.SpringBootTestContextBootstrapper]
15:45:44.032 [Test worker] INFO org.springframework.boot.test.context.SpringBootTestContextBootstrapper - Neither @ContextConfiguration nor @ContextHierarchy found for test class [com.kodilla.spring.calculator.CalculatorTestSuite], using SpringBootContextLoader
15:45:44.035 [Test worker] DEBUG org.springframework.test.context.support.AbstractContextLoader - Did not detect default resource location for test class [com.kodilla.spring.calculator.CalculatorTestSuite]: class path resource [com/kodilla/spring/calculator/CalculatorTestSuite-context.xml] does not exist
15:45:44.036 [Test worker] DEBUG org.springframework.test.context.support.AbstractContextLoader - Did not detect default resource location for test class [com.kodilla.spring.calculator.CalculatorTestSuite]: class path resource [com/kodilla/spring/calculator/CalculatorTestSuiteContext.groovy] does not exist
15:45:44.036 [Test worker] INFO org.springframework.test.context.support.AbstractContextLoader - Could not detect default resource locations for test class [com.kodilla.spring.calculator.CalculatorTestSuite]: no resource found for suffixes {-context.xml, Context.groovy}.
15:45:44.036 [Test worker] INFO org.springframework.test.context.support.AnnotationConfigContextLoaderUtils - Could not detect default configuration classes for test class [com.kodilla.spring.calculator.CalculatorTestSuite]: CalculatorTestSuite does not declare any static, non-private, non-final, nested classes annotated with @Configuration.
15:45:44.086 [Test worker] DEBUG org.springframework.test.context.support.ActiveProfilesUtils - Could not find an 'annotation declaring class' for annotation type [org.springframework.test.context.ActiveProfiles] and class [com.kodilla.spring.calculator.CalculatorTestSuite]
15:45:44.164 [Test worker] DEBUG org.springframework.context.annotation.ClassPathScanningCandidateComponentProvider - Identified candidate component class: file [C:\Users\wisni\dev\kodilla-course-Java\kodilla-spring\build\classes\java\main\com\kodilla\spring\KodillaSpringApplication.class]
15:45:44.166 [Test worker] INFO org.springframework.boot.test.context.SpringBootTestContextBootstrapper - Found @SpringBootConfiguration com.kodilla.spring.KodillaSpringApplication for test class com.kodilla.spring.calculator.CalculatorTestSuite
15:45:44.296 [Test worker] DEBUG org.springframework.boot.test.context.SpringBootTestContextBootstrapper - @TestExecutionListeners is not present for class [com.kodilla.spring.calculator.CalculatorTestSuite]: using defaults.
15:45:44.297 [Test worker] INFO org.springframework.boot.test.context.SpringBootTestContextBootstrapper - Loaded default TestExecutionListener class names from location [META-INF/spring.factories]: [org.springframework.boot.test.autoconfigure.restdocs.RestDocsTestExecutionListener, org.springframework.boot.test.autoconfigure.web.client.MockRestServiceServerResetTestExecutionListener, org.springframework.boot.test.autoconfigure.web.servlet.MockMvcPrintOnlyOnFailureTestExecutionListener, org.springframework.boot.test.autoconfigure.web.servlet.WebDriverTestExecutionListener, org.springframework.boot.test.autoconfigure.webservices.client.MockWebServiceServerTestExecutionListener, org.springframework.boot.test.mock.mockito.MockitoTestExecutionListener, org.springframework.boot.test.mock.mockito.ResetMocksTestExecutionListener, org.springframework.test.context.web.ServletTestExecutionListener, org.springframework.test.context.support.DirtiesContextBeforeModesTestExecutionListener, org.springframework.test.context.event.ApplicationEventsTestExecutionListener, org.springframework.test.context.support.DependencyInjectionTestExecutionListener, org.springframework.test.context.support.DirtiesContextTestExecutionListener, org.springframework.test.context.transaction.TransactionalTestExecutionListener, org.springframework.test.context.jdbc.SqlScriptsTestExecutionListener, org.springframework.test.context.event.EventPublishingTestExecutionListener]
15:45:44.308 [Test worker] DEBUG org.springframework.boot.test.context.SpringBootTestContextBootstrapper - Skipping candidate TestExecutionListener [org.springframework.test.context.web.ServletTestExecutionListener] due to a missing dependency. Specify custom listener classes or make the default listener classes and their required dependencies available. Offending class: [javax/servlet/ServletContext]
15:45:44.311 [Test worker] DEBUG org.springframework.boot.test.context.SpringBootTestContextBootstrapper - Skipping candidate TestExecutionListener [org.springframework.test.context.transaction.TransactionalTestExecutionListener] due to a missing dependency. Specify custom listener classes or make the default listener classes and their required dependencies available. Offending class: [org/springframework/transaction/interceptor/TransactionAttributeSource]
15:45:44.311 [Test worker] DEBUG org.springframework.boot.test.context.SpringBootTestContextBootstrapper - Skipping candidate TestExecutionListener [org.springframework.test.context.jdbc.SqlScriptsTestExecutionListener] due to a missing dependency. Specify custom listener classes or make the default listener classes and their required dependencies available. Offending class: [org/springframework/transaction/interceptor/TransactionAttribute]
15:45:44.312 [Test worker] INFO org.springframework.boot.test.context.SpringBootTestContextBootstrapper - Using TestExecutionListeners: [org.springframework.test.context.support.DirtiesContextBeforeModesTestExecutionListener@1c55f277, org.springframework.test.context.event.ApplicationEventsTestExecutionListener@5ddabb18, org.springframework.boot.test.mock.mockito.MockitoTestExecutionListener@3e8f7922, org.springframework.boot.test.autoconfigure.SpringBootDependencyInjectionTestExecutionListener@63192798, org.springframework.test.context.support.DirtiesContextTestExecutionListener@50eca7c6, org.springframework.test.context.event.EventPublishingTestExecutionListener@58e6d4b8, org.springframework.boot.test.autoconfigure.restdocs.RestDocsTestExecutionListener@1de5f0ef, org.springframework.boot.test.autoconfigure.web.client.MockRestServiceServerResetTestExecutionListener@376a312c, org.springframework.boot.test.autoconfigure.web.servlet.MockMvcPrintOnlyOnFailureTestExecutionListener@28d6290, org.springframework.boot.test.autoconfigure.web.servlet.WebDriverTestExecutionListener@6ca0256d, org.springframework.boot.test.autoconfigure.webservices.client.MockWebServiceServerTestExecutionListener@5ef0d29e, org.springframework.boot.test.mock.mockito.ResetMocksTestExecutionListener@38f57b3d]
15:45:44.316 [Test worker] DEBUG org.springframework.test.context.support.AbstractDirtiesContextTestExecutionListener - Before test class: context [DefaultTestContext@6a66a204 testClass = CalculatorTestSuite, testInstance = [null], testMethod = [null], testException = [null], mergedContextConfiguration = [MergedContextConfiguration@5860f3d7 testClass = CalculatorTestSuite, locations = '{}', classes = '{class com.kodilla.spring.KodillaSpringApplication}', contextInitializerClasses = '[]', activeProfiles = '{}', propertySourceLocations = '{}', propertySourceProperties = '{org.springframework.boot.test.context.SpringBootTestContextBootstrapper=true}', contextCustomizers = set[org.springframework.boot.test.autoconfigure.actuate.metrics.MetricsExportContextCustomizerFactory$DisableMetricExportContextCustomizer@5812f68b, org.springframework.boot.test.autoconfigure.properties.PropertyMappingContextCustomizer@0, org.springframework.boot.test.autoconfigure.web.servlet.WebDriverContextCustomizerFactory$Customizer@31dadd46, org.springframework.boot.test.context.filter.ExcludeFilterContextCustomizer@1f010bf0, org.springframework.boot.test.json.DuplicateJsonObjectContextCustomizerFactory$DuplicateJsonObjectContextCustomizer@177bea38, org.springframework.boot.test.mock.mockito.MockitoContextCustomizer@0, org.springframework.boot.test.web.client.TestRestTemplateContextCustomizer@1b7c473a, org.springframework.boot.test.context.SpringBootTestArgs@1, org.springframework.boot.test.context.SpringBootTestWebEnvironment@4e096385], contextLoader = 'org.springframework.boot.test.context.SpringBootContextLoader', parent = [null]], attributes = map[[empty]]], class annotated with @DirtiesContext [false] with mode [null].
15:45:44.336 [Test worker] DEBUG org.springframework.test.context.support.DependencyInjectionTestExecutionListener - Performing dependency injection for test context [[DefaultTestContext@6a66a204 testClass = CalculatorTestSuite, testInstance = com.kodilla.spring.calculator.CalculatorTestSuite@132ddbab, testMethod = [null], testException = [null], mergedContextConfiguration = [MergedContextConfiguration@5860f3d7 testClass = CalculatorTestSuite, locations = '{}', classes = '{class com.kodilla.spring.KodillaSpringApplication}', contextInitializerClasses = '[]', activeProfiles = '{}', propertySourceLocations = '{}', propertySourceProperties = '{org.springframework.boot.test.context.SpringBootTestContextBootstrapper=true}', contextCustomizers = set[org.springframework.boot.test.autoconfigure.actuate.metrics.MetricsExportContextCustomizerFactory$DisableMetricExportContextCustomizer@5812f68b, org.springframework.boot.test.autoconfigure.properties.PropertyMappingContextCustomizer@0, org.springframework.boot.test.autoconfigure.web.servlet.WebDriverContextCustomizerFactory$Customizer@31dadd46, org.springframework.boot.test.context.filter.ExcludeFilterContextCustomizer@1f010bf0, org.springframework.boot.test.json.DuplicateJsonObjectContextCustomizerFactory$DuplicateJsonObjectContextCustomizer@177bea38, org.springframework.boot.test.mock.mockito.MockitoContextCustomizer@0, org.springframework.boot.test.web.client.TestRestTemplateContextCustomizer@1b7c473a, org.springframework.boot.test.context.SpringBootTestArgs@1, org.springframework.boot.test.context.SpringBootTestWebEnvironment@4e096385], contextLoader = 'org.springframework.boot.test.context.SpringBootContextLoader', parent = [null]], attributes = map['org.springframework.test.context.event.ApplicationEventsTestExecutionListener.recordApplicationEvents' -> false]]].

  .   ____          _            __ _ _
 /\\ / ___'_ __ _ _(_)_ __  __ _ \ \ \ \
( ( )\___ | '_ | '_| | '_ \/ _` | \ \ \ \
 \\/  ___)| |_)| | | | | || (_| |  ) ) ) )
  '  |____| .__|_| |_|_| |_\__, | / / / /
 =========|_|==============|___/=/_/_/_/
 :: Spring Boot ::                (v2.7.4)

2022-10-12 15:45:44.834  INFO 28924 --- [    Test worker] c.k.s.calculator.CalculatorTestSuite     : Starting CalculatorTestSuite using Java 17.0.4 on LAPTOP-6257JG67 with PID 28924 (started by wisni in C:\Users\wisni\dev\kodilla-course-Java\kodilla-spring)
2022-10-12 15:45:44.836  INFO 28924 --- [    Test worker] c.k.s.calculator.CalculatorTestSuite     : No active profile set, falling back to 1 default profile: "default"
2022-10-12 15:45:45.588  INFO 28924 --- [    Test worker] c.k.s.calculator.CalculatorTestSuite     : Started CalculatorTestSuite in 1.208 seconds (JVM running for 2.539)
5.0
3.0
12.0
1.0
Can't divide by '0'
]]></system-out>
  <system-err><![CDATA[]]></system-err>
</testsuite>
