<?xml version="1.0" encoding="UTF-8"?>
<testsuite name="com.kodilla.spring.forum.ForumUserTestSuite" tests="1" skipped="0" failures="0" errors="0" timestamp="2022-10-12T13:45:46" hostname="LAPTOP-6257JG67" time="0.107">
  <properties/>
  <testcase name="testGetUserName()" classname="com.kodilla.spring.forum.ForumUserTestSuite" time="0.107"/>
  <system-out><![CDATA[2022-10-12 15:45:46.669  INFO 28924 --- [    Test worker] .b.t.c.SpringBootTestContextBootstrapper : Neither @ContextConfiguration nor @ContextHierarchy found for test class [com.kodilla.spring.forum.ForumUserTestSuite], using SpringBootContextLoader
2022-10-12 15:45:46.670  INFO 28924 --- [    Test worker] o.s.t.c.support.AbstractContextLoader    : Could not detect default resource locations for test class [com.kodilla.spring.forum.ForumUserTestSuite]: no resource found for suffixes {-context.xml, Context.groovy}.
2022-10-12 15:45:46.670  INFO 28924 --- [    Test worker] t.c.s.AnnotationConfigContextLoaderUtils : Could not detect default configuration classes for test class [com.kodilla.spring.forum.ForumUserTestSuite]: ForumUserTestSuite does not declare any static, non-private, non-final, nested classes annotated with @Configuration.
2022-10-12 15:45:46.678  INFO 28924 --- [    Test worker] .b.t.c.SpringBootTestContextBootstrapper : Found @SpringBootConfiguration com.kodilla.spring.KodillaSpringApplication for test class com.kodilla.spring.forum.ForumUserTestSuite
2022-10-12 15:45:46.680  INFO 28924 --- [    Test worker] .b.t.c.SpringBootTestContextBootstrapper : Loaded default TestExecutionListener class names from location [META-INF/spring.factories]: [org.springframework.boot.test.autoconfigure.restdocs.RestDocsTestExecutionListener, org.springframework.boot.test.autoconfigure.web.client.MockRestServiceServerResetTestExecutionListener, org.springframework.boot.test.autoconfigure.web.servlet.MockMvcPrintOnlyOnFailureTestExecutionListener, org.springframework.boot.test.autoconfigure.web.servlet.WebDriverTestExecutionListener, org.springframework.boot.test.autoconfigure.webservices.client.MockWebServiceServerTestExecutionListener, org.springframework.boot.test.mock.mockito.MockitoTestExecutionListener, org.springframework.boot.test.mock.mockito.ResetMocksTestExecutionListener, org.springframework.test.context.web.ServletTestExecutionListener, org.springframework.test.context.support.DirtiesContextBeforeModesTestExecutionListener, org.springframework.test.context.event.ApplicationEventsTestExecutionListener, org.springframework.test.context.support.DependencyInjectionTestExecutionListener, org.springframework.test.context.support.DirtiesContextTestExecutionListener, org.springframework.test.context.transaction.TransactionalTestExecutionListener, org.springframework.test.context.jdbc.SqlScriptsTestExecutionListener, org.springframework.test.context.event.EventPublishingTestExecutionListener]
2022-10-12 15:45:46.681  INFO 28924 --- [    Test worker] .b.t.c.SpringBootTestContextBootstrapper : Using TestExecutionListeners: [org.springframework.test.context.support.DirtiesContextBeforeModesTestExecutionListener@7fedb795, org.springframework.test.context.event.ApplicationEventsTestExecutionListener@10850d17, org.springframework.boot.test.mock.mockito.MockitoTestExecutionListener@51e754e1, org.springframework.boot.test.autoconfigure.SpringBootDependencyInjectionTestExecutionListener@26865482, org.springframework.test.context.support.DirtiesContextTestExecutionListener@34451ed8, org.springframework.test.context.event.EventPublishingTestExecutionListener@c1050f2, org.springframework.boot.test.autoconfigure.restdocs.RestDocsTestExecutionListener@67bb4dcd, org.springframework.boot.test.autoconfigure.web.client.MockRestServiceServerResetTestExecutionListener@738d37fc, org.springframework.boot.test.autoconfigure.web.servlet.MockMvcPrintOnlyOnFailureTestExecutionListener@6fa2448b, org.springframework.boot.test.autoconfigure.web.servlet.WebDriverTestExecutionListener@61bb1e4d, org.springframework.boot.test.autoconfigure.webservices.client.MockWebServiceServerTestExecutionListener@5c53f292, org.springframework.boot.test.mock.mockito.ResetMocksTestExecutionListener@46fb0c33]
]]></system-out>
  <system-err><![CDATA[]]></system-err>
</testsuite>
