<?xml version="1.0" encoding="UTF-8"?>
<testsuite name="com.kodilla.spring.portfolio.BoardTestSuite" tests="4" skipped="0" failures="0" errors="0" timestamp="2022-10-12T13:45:46" hostname="LAPTOP-6257JG67" time="0.031">
  <properties/>
  <testcase name="testBoardInProgressList()" classname="com.kodilla.spring.portfolio.BoardTestSuite" time="0.009"/>
  <testcase name="testBoardTodList()" classname="com.kodilla.spring.portfolio.BoardTestSuite" time="0.005"/>
  <testcase name="testBoardScope()" classname="com.kodilla.spring.portfolio.BoardTestSuite" time="0.006"/>
  <testcase name="testBoardDoneList()" classname="com.kodilla.spring.portfolio.BoardTestSuite" time="0.006"/>
  <system-out><![CDATA[[Enter first to do list, Enter second to do list]
[Enter second done list]
]]></system-out>
  <system-err><![CDATA[]]></system-err>
</testsuite>
