<?xml version="1.0" encoding="UTF-8"?>
<testsuite name="com.kodilla.spring.portfolio.BoardTestSuite" tests="1" skipped="0" failures="0" errors="0" timestamp="2022-10-13T08:50:21" hostname="LAPTOP-6257JG67" time="0.364">
  <properties/>
  <testcase name="testBoardScope()" classname="com.kodilla.spring.portfolio.BoardTestSuite" time="0.364"/>
  <system-out><![CDATA[10:50:21.234 [Test worker] DEBUG org.springframework.context.annotation.AnnotationConfigApplicationContext - Refreshing org.springframework.context.annotation.AnnotationConfigApplicationContext@7e19ebf0
10:50:21.249 [Test worker] DEBUG org.springframework.beans.factory.support.DefaultListableBeanFactory - Creating shared instance of singleton bean 'org.springframework.context.annotation.internalConfigurationAnnotationProcessor'
10:50:21.379 [Test worker] DEBUG org.springframework.beans.factory.support.DefaultListableBeanFactory - Creating shared instance of singleton bean 'org.springframework.context.event.internalEventListenerProcessor'
10:50:21.382 [Test worker] DEBUG org.springframework.beans.factory.support.DefaultListableBeanFactory - Creating shared instance of singleton bean 'org.springframework.context.event.internalEventListenerFactory'
10:50:21.383 [Test worker] DEBUG org.springframework.beans.factory.support.DefaultListableBeanFactory - Creating shared instance of singleton bean 'org.springframework.context.annotation.internalAutowiredAnnotationProcessor'
10:50:21.385 [Test worker] DEBUG org.springframework.beans.factory.support.DefaultListableBeanFactory - Creating shared instance of singleton bean 'org.springframework.context.annotation.internalCommonAnnotationProcessor'
10:50:21.394 [Test worker] DEBUG org.springframework.beans.factory.support.DefaultListableBeanFactory - Creating shared instance of singleton bean 'boardConfig'
10:50:21.399 [Test worker] DEBUG org.springframework.beans.factory.support.DefaultListableBeanFactory - Creating shared instance of singleton bean 'board'
[Enter first to do list]
[Enter second in progress list]
[Enter third done list]
[Enter first to do list]
[Enter second in progress list]
[Enter third done list]
[Enter first to do list]
[Enter second in progress list]
[Enter third done list]
]]></system-out>
  <system-err><![CDATA[]]></system-err>
</testsuite>
