<?xml version="1.0" encoding="UTF-8"?>
<testsuite name="com.kodilla.spring.reader.ReaderTestSuite" tests="2" skipped="0" failures="0" errors="0" timestamp="2022-10-12T13:45:47" hostname="LAPTOP-6257JG67" time="0.03">
  <properties/>
  <testcase name="testRead()" classname="com.kodilla.spring.reader.ReaderTestSuite" time="0.013"/>
  <testcase name="testConditional()" classname="com.kodilla.spring.reader.ReaderTestSuite" time="0.016"/>
  <system-out><![CDATA[2022-10-12 15:45:47.032  INFO 28924 --- [    Test worker] .b.t.c.SpringBootTestContextBootstrapper : Neither @ContextConfiguration nor @ContextHierarchy found for test class [com.kodilla.spring.reader.ReaderTestSuite], using SpringBootContextLoader
2022-10-12 15:45:47.034  INFO 28924 --- [    Test worker] o.s.t.c.support.AbstractContextLoader    : Could not detect default resource locations for test class [com.kodilla.spring.reader.ReaderTestSuite]: no resource found for suffixes {-context.xml, Context.groovy}.
2022-10-12 15:45:47.034  INFO 28924 --- [    Test worker] t.c.s.AnnotationConfigContextLoaderUtils : Could not detect default configuration classes for test class [com.kodilla.spring.reader.ReaderTestSuite]: ReaderTestSuite does not declare any static, non-private, non-final, nested classes annotated with @Configuration.
2022-10-12 15:45:47.046  INFO 28924 --- [    Test worker] .b.t.c.SpringBootTestContextBootstrapper : Found @SpringBootConfiguration com.kodilla.spring.KodillaSpringApplication for test class com.kodilla.spring.reader.ReaderTestSuite
2022-10-12 15:45:47.049  INFO 28924 --- [    Test worker] .b.t.c.SpringBootTestContextBootstrapper : Loaded default TestExecutionListener class names from location [META-INF/spring.factories]: [org.springframework.boot.test.autoconfigure.restdocs.RestDocsTestExecutionListener, org.springframework.boot.test.autoconfigure.web.client.MockRestServiceServerResetTestExecutionListener, org.springframework.boot.test.autoconfigure.web.servlet.MockMvcPrintOnlyOnFailureTestExecutionListener, org.springframework.boot.test.autoconfigure.web.servlet.WebDriverTestExecutionListener, org.springframework.boot.test.autoconfigure.webservices.client.MockWebServiceServerTestExecutionListener, org.springframework.boot.test.mock.mockito.MockitoTestExecutionListener, org.springframework.boot.test.mock.mockito.ResetMocksTestExecutionListener, org.springframework.test.context.web.ServletTestExecutionListener, org.springframework.test.context.support.DirtiesContextBeforeModesTestExecutionListener, org.springframework.test.context.event.ApplicationEventsTestExecutionListener, org.springframework.test.context.support.DependencyInjectionTestExecutionListener, org.springframework.test.context.support.DirtiesContextTestExecutionListener, org.springframework.test.context.transaction.TransactionalTestExecutionListener, org.springframework.test.context.jdbc.SqlScriptsTestExecutionListener, org.springframework.test.context.event.EventPublishingTestExecutionListener]
2022-10-12 15:45:47.050  INFO 28924 --- [    Test worker] .b.t.c.SpringBootTestContextBootstrapper : Using TestExecutionListeners: [org.springframework.test.context.support.DirtiesContextBeforeModesTestExecutionListener@5d508d22, org.springframework.test.context.event.ApplicationEventsTestExecutionListener@f2b90fc, org.springframework.boot.test.mock.mockito.MockitoTestExecutionListener@2bb41f5c, org.springframework.boot.test.autoconfigure.SpringBootDependencyInjectionTestExecutionListener@24c685e7, org.springframework.test.context.support.DirtiesContextTestExecutionListener@7da635c0, org.springframework.test.context.event.EventPublishingTestExecutionListener@2ed9f6f8, org.springframework.boot.test.autoconfigure.restdocs.RestDocsTestExecutionListener@251c4280, org.springframework.boot.test.autoconfigure.web.client.MockRestServiceServerResetTestExecutionListener@35650279, org.springframework.boot.test.autoconfigure.web.servlet.MockMvcPrintOnlyOnFailureTestExecutionListener@79a13920, org.springframework.boot.test.autoconfigure.web.servlet.WebDriverTestExecutionListener@182e7eda, org.springframework.boot.test.autoconfigure.webservices.client.MockWebServiceServerTestExecutionListener@5f61371d, org.springframework.boot.test.mock.mockito.ResetMocksTestExecutionListener@420a8042]
Reading: The book number one
Book book2 was found in the container: false
]]></system-out>
  <system-err><![CDATA[]]></system-err>
</testsuite>
