<?xml version="1.0" encoding="UTF-8"?>
<testsuite name="com.kodilla.spring.calculator.CalculatorTestSuite" tests="5" skipped="0" failures="0" errors="0" timestamp="2023-02-27T11:31:40" hostname="LAPTOP-6257JG67" time="1.271">
  <properties/>
  <testcase name="testAdd()" classname="com.kodilla.spring.calculator.CalculatorTestSuite" time="0.726"/>
  <testcase name="testDiv()" classname="com.kodilla.spring.calculator.CalculatorTestSuite" time="0.152"/>
  <testcase name="testMul()" classname="com.kodilla.spring.calculator.CalculatorTestSuite" time="0.136"/>
  <testcase name="testSub()" classname="com.kodilla.spring.calculator.CalculatorTestSuite" time="0.127"/>
  <testcase name="testDivBy0()" classname="com.kodilla.spring.calculator.CalculatorTestSuite" time="0.126"/>
  <system-out><![CDATA[12:31:38.707 [Test worker] DEBUG org.springframework.test.context.BootstrapUtils - Instantiating CacheAwareContextLoaderDelegate from class [org.springframework.test.context.cache.DefaultCacheAwareContextLoaderDelegate]
12:31:38.720 [Test worker] DEBUG org.springframework.test.context.BootstrapUtils - Instantiating BootstrapContext using constructor [public org.springframework.test.context.support.DefaultBootstrapContext(java.lang.Class,org.springframework.test.context.CacheAwareContextLoaderDelegate)]
12:31:38.767 [Test worker] DEBUG org.springframework.test.context.BootstrapUtils - Instantiating TestContextBootstrapper for test class [com.kodilla.spring.calculator.CalculatorTestSuite] from class [org.springframework.boot.test.context.SpringBootTestContextBootstrapper]
12:31:38.780 [Test worker] INFO org.springframework.boot.test.context.SpringBootTestContextBootstrapper - Neither @ContextConfiguration nor @ContextHierarchy found for test class [com.kodilla.spring.calculator.CalculatorTestSuite], using SpringBootContextLoader
12:31:38.785 [Test worker] DEBUG org.springframework.test.context.support.AbstractContextLoader - Did not detect default resource location for test class [com.kodilla.spring.calculator.CalculatorTestSuite]: class path resource [com/kodilla/spring/calculator/CalculatorTestSuite-context.xml] does not exist
12:31:38.786 [Test worker] DEBUG org.springframework.test.context.support.AbstractContextLoader - Did not detect default resource location for test class [com.kodilla.spring.calculator.CalculatorTestSuite]: class path resource [com/kodilla/spring/calculator/CalculatorTestSuiteContext.groovy] does not exist
12:31:38.786 [Test worker] INFO org.springframework.test.context.support.AbstractContextLoader - Could not detect default resource locations for test class [com.kodilla.spring.calculator.CalculatorTestSuite]: no resource found for suffixes {-context.xml, Context.groovy}.
12:31:38.787 [Test worker] INFO org.springframework.test.context.support.AnnotationConfigContextLoaderUtils - Could not detect default configuration classes for test class [com.kodilla.spring.calculator.CalculatorTestSuite]: CalculatorTestSuite does not declare any static, non-private, non-final, nested classes annotated with @Configuration.
12:31:38.833 [Test worker] DEBUG org.springframework.test.context.support.ActiveProfilesUtils - Could not find an 'annotation declaring class' for annotation type [org.springframework.test.context.ActiveProfiles] and class [com.kodilla.spring.calculator.CalculatorTestSuite]
12:31:38.914 [Test worker] DEBUG org.springframework.context.annotation.ClassPathScanningCandidateComponentProvider - Identified candidate component class: file [C:\Users\wisni\dev\kodilla-course-Java\kodilla-spring\build\classes\java\main\com\kodilla\spring\KodillaSpringApplication.class]
12:31:38.916 [Test worker] INFO org.springframework.boot.test.context.SpringBootTestContextBootstrapper - Found @SpringBootConfiguration com.kodilla.spring.KodillaSpringApplication for test class com.kodilla.spring.calculator.CalculatorTestSuite
12:31:39.058 [Test worker] DEBUG org.springframework.boot.test.context.SpringBootTestContextBootstrapper - @TestExecutionListeners is not present for class [com.kodilla.spring.calculator.CalculatorTestSuite]: using defaults.
12:31:39.059 [Test worker] INFO org.springframework.boot.test.context.SpringBootTestContextBootstrapper - Loaded default TestExecutionListener class names from location [META-INF/spring.factories]: [org.springframework.boot.test.autoconfigure.restdocs.RestDocsTestExecutionListener, org.springframework.boot.test.autoconfigure.web.client.MockRestServiceServerResetTestExecutionListener, org.springframework.boot.test.autoconfigure.web.servlet.MockMvcPrintOnlyOnFailureTestExecutionListener, org.springframework.boot.test.autoconfigure.web.servlet.WebDriverTestExecutionListener, org.springframework.boot.test.autoconfigure.webservices.client.MockWebServiceServerTestExecutionListener, org.springframework.boot.test.mock.mockito.MockitoTestExecutionListener, org.springframework.boot.test.mock.mockito.ResetMocksTestExecutionListener, org.springframework.test.context.web.ServletTestExecutionListener, org.springframework.test.context.support.DirtiesContextBeforeModesTestExecutionListener, org.springframework.test.context.event.ApplicationEventsTestExecutionListener, org.springframework.test.context.support.DependencyInjectionTestExecutionListener, org.springframework.test.context.support.DirtiesContextTestExecutionListener, org.springframework.test.context.transaction.TransactionalTestExecutionListener, org.springframework.test.context.jdbc.SqlScriptsTestExecutionListener, org.springframework.test.context.event.EventPublishingTestExecutionListener]
12:31:39.071 [Test worker] DEBUG org.springframework.boot.test.context.SpringBootTestContextBootstrapper - Skipping candidate TestExecutionListener [org.springframework.test.context.web.ServletTestExecutionListener] due to a missing dependency. Specify custom listener classes or make the default listener classes and their required dependencies available. Offending class: [javax/servlet/ServletContext]
12:31:39.074 [Test worker] DEBUG org.springframework.boot.test.context.SpringBootTestContextBootstrapper - Skipping candidate TestExecutionListener [org.springframework.test.context.transaction.TransactionalTestExecutionListener] due to a missing dependency. Specify custom listener classes or make the default listener classes and their required dependencies available. Offending class: [org/springframework/transaction/interceptor/TransactionAttributeSource]
12:31:39.075 [Test worker] DEBUG org.springframework.boot.test.context.SpringBootTestContextBootstrapper - Skipping candidate TestExecutionListener [org.springframework.test.context.jdbc.SqlScriptsTestExecutionListener] due to a missing dependency. Specify custom listener classes or make the default listener classes and their required dependencies available. Offending class: [org/springframework/transaction/interceptor/TransactionAttribute]
12:31:39.076 [Test worker] INFO org.springframework.boot.test.context.SpringBootTestContextBootstrapper - Using TestExecutionListeners: [org.springframework.test.context.support.DirtiesContextBeforeModesTestExecutionListener@5778826f, org.springframework.test.context.event.ApplicationEventsTestExecutionListener@5b64c4b7, org.springframework.boot.test.mock.mockito.MockitoTestExecutionListener@4763c727, org.springframework.boot.test.autoconfigure.SpringBootDependencyInjectionTestExecutionListener@72445aba, org.springframework.test.context.support.DirtiesContextTestExecutionListener@61bcd567, org.springframework.test.context.event.EventPublishingTestExecutionListener@1c80e49b, org.springframework.boot.test.autoconfigure.restdocs.RestDocsTestExecutionListener@458342d3, org.springframework.boot.test.autoconfigure.web.client.MockRestServiceServerResetTestExecutionListener@15c25153, org.springframework.boot.test.autoconfigure.web.servlet.MockMvcPrintOnlyOnFailureTestExecutionListener@1252b961, org.springframework.boot.test.autoconfigure.web.servlet.WebDriverTestExecutionListener@9ed238c, org.springframework.boot.test.autoconfigure.webservices.client.MockWebServiceServerTestExecutionListener@56276db8, org.springframework.boot.test.mock.mockito.ResetMocksTestExecutionListener@51e8e6e6]
12:31:39.083 [Test worker] DEBUG org.springframework.test.context.support.AbstractDirtiesContextTestExecutionListener - Before test class: context [DefaultTestContext@5b080f3a testClass = CalculatorTestSuite, testInstance = [null], testMethod = [null], testException = [null], mergedContextConfiguration = [MergedContextConfiguration@773cbf4f testClass = CalculatorTestSuite, locations = '{}', classes = '{class com.kodilla.spring.KodillaSpringApplication}', contextInitializerClasses = '[]', activeProfiles = '{}', propertySourceLocations = '{}', propertySourceProperties = '{org.springframework.boot.test.context.SpringBootTestContextBootstrapper=true}', contextCustomizers = set[org.springframework.boot.test.autoconfigure.actuate.metrics.MetricsExportContextCustomizerFactory$DisableMetricExportContextCustomizer@22f31dec, org.springframework.boot.test.autoconfigure.properties.PropertyMappingContextCustomizer@0, org.springframework.boot.test.autoconfigure.web.servlet.WebDriverContextCustomizerFactory$Customizer@7a1234bf, org.springframework.boot.test.context.filter.ExcludeFilterContextCustomizer@6bffbc6d, org.springframework.boot.test.json.DuplicateJsonObjectContextCustomizerFactory$DuplicateJsonObjectContextCustomizer@39a2bb97, org.springframework.boot.test.mock.mockito.MockitoContextCustomizer@0, org.springframework.boot.test.web.client.TestRestTemplateContextCustomizer@3fc9504b, org.springframework.boot.test.context.SpringBootTestArgs@1, org.springframework.boot.test.context.SpringBootTestWebEnvironment@55536d9e], contextLoader = 'org.springframework.boot.test.context.SpringBootContextLoader', parent = [null]], attributes = map[[empty]]], class annotated with @DirtiesContext [false] with mode [null].
12:31:39.105 [Test worker] DEBUG org.springframework.test.context.support.DependencyInjectionTestExecutionListener - Performing dependency injection for test context [[DefaultTestContext@5b080f3a testClass = CalculatorTestSuite, testInstance = com.kodilla.spring.calculator.CalculatorTestSuite@10fde30a, testMethod = [null], testException = [null], mergedContextConfiguration = [MergedContextConfiguration@773cbf4f testClass = CalculatorTestSuite, locations = '{}', classes = '{class com.kodilla.spring.KodillaSpringApplication}', contextInitializerClasses = '[]', activeProfiles = '{}', propertySourceLocations = '{}', propertySourceProperties = '{org.springframework.boot.test.context.SpringBootTestContextBootstrapper=true}', contextCustomizers = set[org.springframework.boot.test.autoconfigure.actuate.metrics.MetricsExportContextCustomizerFactory$DisableMetricExportContextCustomizer@22f31dec, org.springframework.boot.test.autoconfigure.properties.PropertyMappingContextCustomizer@0, org.springframework.boot.test.autoconfigure.web.servlet.WebDriverContextCustomizerFactory$Customizer@7a1234bf, org.springframework.boot.test.context.filter.ExcludeFilterContextCustomizer@6bffbc6d, org.springframework.boot.test.json.DuplicateJsonObjectContextCustomizerFactory$DuplicateJsonObjectContextCustomizer@39a2bb97, org.springframework.boot.test.mock.mockito.MockitoContextCustomizer@0, org.springframework.boot.test.web.client.TestRestTemplateContextCustomizer@3fc9504b, org.springframework.boot.test.context.SpringBootTestArgs@1, org.springframework.boot.test.context.SpringBootTestWebEnvironment@55536d9e], contextLoader = 'org.springframework.boot.test.context.SpringBootContextLoader', parent = [null]], attributes = map['org.springframework.test.context.event.ApplicationEventsTestExecutionListener.recordApplicationEvents' -> false]]].

  .   ____          _            __ _ _
 /\\ / ___'_ __ _ _(_)_ __  __ _ \ \ \ \
( ( )\___ | '_ | '_| | '_ \/ _` | \ \ \ \
 \\/  ___)| |_)| | | | | || (_| |  ) ) ) )
  '  |____| .__|_| |_|_| |_\__, | / / / /
 =========|_|==============|___/=/_/_/_/
 :: Spring Boot ::                (v2.7.5)

2023-02-27 12:31:39.566  INFO 28036 --- [    Test worker] c.k.s.calculator.CalculatorTestSuite     : Starting CalculatorTestSuite using Java 17.0.4 on LAPTOP-6257JG67 with PID 28036 (started by wisni in C:\Users\wisni\dev\kodilla-course-Java\kodilla-spring)
2023-02-27 12:31:39.568  INFO 28036 --- [    Test worker] c.k.s.calculator.CalculatorTestSuite     : No active profile set, falling back to 1 default profile: "default"
2023-02-27 12:31:40.430  INFO 28036 --- [    Test worker] c.k.s.calculator.CalculatorTestSuite     : Started CalculatorTestSuite in 1.285 seconds (JVM running for 2.875)
5.0
3.0
12.0
1.0
Can't divide by '0'
]]></system-out>
  <system-err><![CDATA[]]></system-err>
</testsuite>
