<?xml version="1.0" encoding="UTF-8"?>
<testsuite name="com.kodilla.spring.forum.ForumUserTestSuite" tests="1" skipped="0" failures="0" errors="0" timestamp="2023-02-27T11:31:41" hostname="LAPTOP-6257JG67" time="0.105">
  <properties/>
  <testcase name="testGetUserName()" classname="com.kodilla.spring.forum.ForumUserTestSuite" time="0.105"/>
  <system-out><![CDATA[2023-02-27 12:31:41.717  INFO 28036 --- [    Test worker] .b.t.c.SpringBootTestContextBootstrapper : Neither @ContextConfiguration nor @ContextHierarchy found for test class [com.kodilla.spring.forum.ForumUserTestSuite], using SpringBootContextLoader
2023-02-27 12:31:41.718  INFO 28036 --- [    Test worker] o.s.t.c.support.AbstractContextLoader    : Could not detect default resource locations for test class [com.kodilla.spring.forum.ForumUserTestSuite]: no resource found for suffixes {-context.xml, Context.groovy}.
2023-02-27 12:31:41.719  INFO 28036 --- [    Test worker] t.c.s.AnnotationConfigContextLoaderUtils : Could not detect default configuration classes for test class [com.kodilla.spring.forum.ForumUserTestSuite]: ForumUserTestSuite does not declare any static, non-private, non-final, nested classes annotated with @Configuration.
2023-02-27 12:31:41.725  INFO 28036 --- [    Test worker] .b.t.c.SpringBootTestContextBootstrapper : Found @SpringBootConfiguration com.kodilla.spring.KodillaSpringApplication for test class com.kodilla.spring.forum.ForumUserTestSuite
2023-02-27 12:31:41.727  INFO 28036 --- [    Test worker] .b.t.c.SpringBootTestContextBootstrapper : Loaded default TestExecutionListener class names from location [META-INF/spring.factories]: [org.springframework.boot.test.autoconfigure.restdocs.RestDocsTestExecutionListener, org.springframework.boot.test.autoconfigure.web.client.MockRestServiceServerResetTestExecutionListener, org.springframework.boot.test.autoconfigure.web.servlet.MockMvcPrintOnlyOnFailureTestExecutionListener, org.springframework.boot.test.autoconfigure.web.servlet.WebDriverTestExecutionListener, org.springframework.boot.test.autoconfigure.webservices.client.MockWebServiceServerTestExecutionListener, org.springframework.boot.test.mock.mockito.MockitoTestExecutionListener, org.springframework.boot.test.mock.mockito.ResetMocksTestExecutionListener, org.springframework.test.context.web.ServletTestExecutionListener, org.springframework.test.context.support.DirtiesContextBeforeModesTestExecutionListener, org.springframework.test.context.event.ApplicationEventsTestExecutionListener, org.springframework.test.context.support.DependencyInjectionTestExecutionListener, org.springframework.test.context.support.DirtiesContextTestExecutionListener, org.springframework.test.context.transaction.TransactionalTestExecutionListener, org.springframework.test.context.jdbc.SqlScriptsTestExecutionListener, org.springframework.test.context.event.EventPublishingTestExecutionListener]
2023-02-27 12:31:41.728  INFO 28036 --- [    Test worker] .b.t.c.SpringBootTestContextBootstrapper : Using TestExecutionListeners: [org.springframework.test.context.support.DirtiesContextBeforeModesTestExecutionListener@208205ed, org.springframework.test.context.event.ApplicationEventsTestExecutionListener@73afe2b7, org.springframework.boot.test.mock.mockito.MockitoTestExecutionListener@9687f55, org.springframework.boot.test.autoconfigure.SpringBootDependencyInjectionTestExecutionListener@5700c9db, org.springframework.test.context.support.DirtiesContextTestExecutionListener@671d03bb, org.springframework.test.context.event.EventPublishingTestExecutionListener@6babffb5, org.springframework.boot.test.autoconfigure.restdocs.RestDocsTestExecutionListener@2173a742, org.springframework.boot.test.autoconfigure.web.client.MockRestServiceServerResetTestExecutionListener@706ceca6, org.springframework.boot.test.autoconfigure.web.servlet.MockMvcPrintOnlyOnFailureTestExecutionListener@7f6329cb, org.springframework.boot.test.autoconfigure.web.servlet.WebDriverTestExecutionListener@4b8137c5, org.springframework.boot.test.autoconfigure.webservices.client.MockWebServiceServerTestExecutionListener@77f4c040, org.springframework.boot.test.mock.mockito.ResetMocksTestExecutionListener@606a1bc4]
]]></system-out>
  <system-err><![CDATA[]]></system-err>
</testsuite>
