<?xml version="1.0" encoding="UTF-8"?>
<testsuite name="com.kodilla.spring.shape.KodillaSpringApplicationTests" tests="5" skipped="0" failures="0" errors="0" timestamp="2022-10-12T13:45:47" hostname="LAPTOP-6257JG67" time="0.673">
  <properties/>
  <testcase name="testCircleLoadedIntoContainer()" classname="com.kodilla.spring.shape.KodillaSpringApplicationTests" time="0.186"/>
  <testcase name="testShapeLoadedIntoContainer()" classname="com.kodilla.spring.shape.KodillaSpringApplicationTests" time="0.183"/>
  <testcase name="contextLoad()" classname="com.kodilla.spring.shape.KodillaSpringApplicationTests" time="0.003"/>
  <testcase name="testTriangleLoadedIntoContainer()" classname="com.kodilla.spring.shape.KodillaSpringApplicationTests" time="0.151"/>
  <testcase name="tesSquareLoadIntoContainer()" classname="com.kodilla.spring.shape.KodillaSpringApplicationTests" time="0.145"/>
  <system-out><![CDATA[2022-10-12 15:45:47.086  INFO 28924 --- [    Test worker] .b.t.c.SpringBootTestContextBootstrapper : Neither @ContextConfiguration nor @ContextHierarchy found for test class [com.kodilla.spring.shape.KodillaSpringApplicationTests], using SpringBootContextLoader
2022-10-12 15:45:47.088  INFO 28924 --- [    Test worker] o.s.t.c.support.AbstractContextLoader    : Could not detect default resource locations for test class [com.kodilla.spring.shape.KodillaSpringApplicationTests]: no resource found for suffixes {-context.xml, Context.groovy}.
2022-10-12 15:45:47.088  INFO 28924 --- [    Test worker] t.c.s.AnnotationConfigContextLoaderUtils : Could not detect default configuration classes for test class [com.kodilla.spring.shape.KodillaSpringApplicationTests]: KodillaSpringApplicationTests does not declare any static, non-private, non-final, nested classes annotated with @Configuration.
2022-10-12 15:45:47.101  INFO 28924 --- [    Test worker] .b.t.c.SpringBootTestContextBootstrapper : Found @SpringBootConfiguration com.kodilla.spring.KodillaSpringApplication for test class com.kodilla.spring.shape.KodillaSpringApplicationTests
2022-10-12 15:45:47.104  INFO 28924 --- [    Test worker] .b.t.c.SpringBootTestContextBootstrapper : Loaded default TestExecutionListener class names from location [META-INF/spring.factories]: [org.springframework.boot.test.autoconfigure.restdocs.RestDocsTestExecutionListener, org.springframework.boot.test.autoconfigure.web.client.MockRestServiceServerResetTestExecutionListener, org.springframework.boot.test.autoconfigure.web.servlet.MockMvcPrintOnlyOnFailureTestExecutionListener, org.springframework.boot.test.autoconfigure.web.servlet.WebDriverTestExecutionListener, org.springframework.boot.test.autoconfigure.webservices.client.MockWebServiceServerTestExecutionListener, org.springframework.boot.test.mock.mockito.MockitoTestExecutionListener, org.springframework.boot.test.mock.mockito.ResetMocksTestExecutionListener, org.springframework.test.context.web.ServletTestExecutionListener, org.springframework.test.context.support.DirtiesContextBeforeModesTestExecutionListener, org.springframework.test.context.event.ApplicationEventsTestExecutionListener, org.springframework.test.context.support.DependencyInjectionTestExecutionListener, org.springframework.test.context.support.DirtiesContextTestExecutionListener, org.springframework.test.context.transaction.TransactionalTestExecutionListener, org.springframework.test.context.jdbc.SqlScriptsTestExecutionListener, org.springframework.test.context.event.EventPublishingTestExecutionListener]
2022-10-12 15:45:47.107  INFO 28924 --- [    Test worker] .b.t.c.SpringBootTestContextBootstrapper : Using TestExecutionListeners: [org.springframework.test.context.support.DirtiesContextBeforeModesTestExecutionListener@364fd4ae, org.springframework.test.context.event.ApplicationEventsTestExecutionListener@245253d8, org.springframework.boot.test.mock.mockito.MockitoTestExecutionListener@12417468, org.springframework.boot.test.autoconfigure.SpringBootDependencyInjectionTestExecutionListener@459003a0, org.springframework.test.context.support.DirtiesContextTestExecutionListener@d325518, org.springframework.test.context.event.EventPublishingTestExecutionListener@3b481bf5, org.springframework.boot.test.autoconfigure.restdocs.RestDocsTestExecutionListener@2233cac0, org.springframework.boot.test.autoconfigure.web.client.MockRestServiceServerResetTestExecutionListener@67fb5025, org.springframework.boot.test.autoconfigure.web.servlet.MockMvcPrintOnlyOnFailureTestExecutionListener@787e4357, org.springframework.boot.test.autoconfigure.web.servlet.WebDriverTestExecutionListener@392781e, org.springframework.boot.test.autoconfigure.webservices.client.MockWebServiceServerTestExecutionListener@3fcbc766, org.springframework.boot.test.mock.mockito.ResetMocksTestExecutionListener@28cd2c2]
Chosen shape says: This is a square
]]></system-out>
  <system-err><![CDATA[]]></system-err>
</testsuite>
