<?xml version="1.0" encoding="UTF-8"?>
<testsuite name="com.kodilla.spring.shape.KodillaSpringApplicationTests" tests="5" skipped="0" failures="0" errors="0" timestamp="2023-02-27T11:31:42" hostname="LAPTOP-6257JG67" time="0.658">
  <properties/>
  <testcase name="testCircleLoadedIntoContainer()" classname="com.kodilla.spring.shape.KodillaSpringApplicationTests" time="0.164"/>
  <testcase name="testShapeLoadedIntoContainer()" classname="com.kodilla.spring.shape.KodillaSpringApplicationTests" time="0.158"/>
  <testcase name="contextLoad()" classname="com.kodilla.spring.shape.KodillaSpringApplicationTests" time="0.004"/>
  <testcase name="testTriangleLoadedIntoContainer()" classname="com.kodilla.spring.shape.KodillaSpringApplicationTests" time="0.165"/>
  <testcase name="tesSquareLoadIntoContainer()" classname="com.kodilla.spring.shape.KodillaSpringApplicationTests" time="0.163"/>
  <system-out><![CDATA[2023-02-27 12:31:42.033  INFO 28036 --- [    Test worker] .b.t.c.SpringBootTestContextBootstrapper : Neither @ContextConfiguration nor @ContextHierarchy found for test class [com.kodilla.spring.shape.KodillaSpringApplicationTests], using SpringBootContextLoader
2023-02-27 12:31:42.034  INFO 28036 --- [    Test worker] o.s.t.c.support.AbstractContextLoader    : Could not detect default resource locations for test class [com.kodilla.spring.shape.KodillaSpringApplicationTests]: no resource found for suffixes {-context.xml, Context.groovy}.
2023-02-27 12:31:42.034  INFO 28036 --- [    Test worker] t.c.s.AnnotationConfigContextLoaderUtils : Could not detect default configuration classes for test class [com.kodilla.spring.shape.KodillaSpringApplicationTests]: KodillaSpringApplicationTests does not declare any static, non-private, non-final, nested classes annotated with @Configuration.
2023-02-27 12:31:42.040  INFO 28036 --- [    Test worker] .b.t.c.SpringBootTestContextBootstrapper : Found @SpringBootConfiguration com.kodilla.spring.KodillaSpringApplication for test class com.kodilla.spring.shape.KodillaSpringApplicationTests
2023-02-27 12:31:42.042  INFO 28036 --- [    Test worker] .b.t.c.SpringBootTestContextBootstrapper : Loaded default TestExecutionListener class names from location [META-INF/spring.factories]: [org.springframework.boot.test.autoconfigure.restdocs.RestDocsTestExecutionListener, org.springframework.boot.test.autoconfigure.web.client.MockRestServiceServerResetTestExecutionListener, org.springframework.boot.test.autoconfigure.web.servlet.MockMvcPrintOnlyOnFailureTestExecutionListener, org.springframework.boot.test.autoconfigure.web.servlet.WebDriverTestExecutionListener, org.springframework.boot.test.autoconfigure.webservices.client.MockWebServiceServerTestExecutionListener, org.springframework.boot.test.mock.mockito.MockitoTestExecutionListener, org.springframework.boot.test.mock.mockito.ResetMocksTestExecutionListener, org.springframework.test.context.web.ServletTestExecutionListener, org.springframework.test.context.support.DirtiesContextBeforeModesTestExecutionListener, org.springframework.test.context.event.ApplicationEventsTestExecutionListener, org.springframework.test.context.support.DependencyInjectionTestExecutionListener, org.springframework.test.context.support.DirtiesContextTestExecutionListener, org.springframework.test.context.transaction.TransactionalTestExecutionListener, org.springframework.test.context.jdbc.SqlScriptsTestExecutionListener, org.springframework.test.context.event.EventPublishingTestExecutionListener]
2023-02-27 12:31:42.043  INFO 28036 --- [    Test worker] .b.t.c.SpringBootTestContextBootstrapper : Using TestExecutionListeners: [org.springframework.test.context.support.DirtiesContextBeforeModesTestExecutionListener@778a1250, org.springframework.test.context.event.ApplicationEventsTestExecutionListener@55acec99, org.springframework.boot.test.mock.mockito.MockitoTestExecutionListener@61191222, org.springframework.boot.test.autoconfigure.SpringBootDependencyInjectionTestExecutionListener@58833798, org.springframework.test.context.support.DirtiesContextTestExecutionListener@7f3ca64a, org.springframework.test.context.event.EventPublishingTestExecutionListener@4d464510, org.springframework.boot.test.autoconfigure.restdocs.RestDocsTestExecutionListener@64e7d698, org.springframework.boot.test.autoconfigure.web.client.MockRestServiceServerResetTestExecutionListener@2519026b, org.springframework.boot.test.autoconfigure.web.servlet.MockMvcPrintOnlyOnFailureTestExecutionListener@3f8dfe74, org.springframework.boot.test.autoconfigure.web.servlet.WebDriverTestExecutionListener@401c4250, org.springframework.boot.test.autoconfigure.webservices.client.MockWebServiceServerTestExecutionListener@1a950fdd, org.springframework.boot.test.mock.mockito.ResetMocksTestExecutionListener@77724cbe]
Chosen shape says: This is a circle
]]></system-out>
  <system-err><![CDATA[]]></system-err>
</testsuite>
