<?xml version="1.0" encoding="UTF-8"?>
<testsuite name="com.kodilla.spring.library.LibraryTestSuite" tests="4" skipped="0" failures="0" errors="0" timestamp="2022-10-12T13:45:46" hostname="LAPTOP-6257JG67" time="0.182">
  <properties/>
  <testcase name="testSaveToDb()" classname="com.kodilla.spring.library.LibraryTestSuite" time="0.005"/>
  <testcase name="testLoadFromDb()" classname="com.kodilla.spring.library.LibraryTestSuite" time="0.003"/>
  <testcase name="testContext()" classname="com.kodilla.spring.library.LibraryTestSuite" time="0.015"/>
  <testcase name="testContextSpring()" classname="com.kodilla.spring.library.LibraryTestSuite" time="0.154"/>
  <system-out><![CDATA[2022-10-12 15:45:46.794  INFO 28924 --- [    Test worker] .b.t.c.SpringBootTestContextBootstrapper : Neither @ContextConfiguration nor @ContextHierarchy found for test class [com.kodilla.spring.library.LibraryTestSuite], using SpringBootContextLoader
2022-10-12 15:45:46.796  INFO 28924 --- [    Test worker] o.s.t.c.support.AbstractContextLoader    : Could not detect default resource locations for test class [com.kodilla.spring.library.LibraryTestSuite]: no resource found for suffixes {-context.xml, Context.groovy}.
2022-10-12 15:45:46.796  INFO 28924 --- [    Test worker] t.c.s.AnnotationConfigContextLoaderUtils : Could not detect default configuration classes for test class [com.kodilla.spring.library.LibraryTestSuite]: LibraryTestSuite does not declare any static, non-private, non-final, nested classes annotated with @Configuration.
2022-10-12 15:45:46.805  INFO 28924 --- [    Test worker] .b.t.c.SpringBootTestContextBootstrapper : Found @SpringBootConfiguration com.kodilla.spring.KodillaSpringApplication for test class com.kodilla.spring.library.LibraryTestSuite
2022-10-12 15:45:46.807  INFO 28924 --- [    Test worker] .b.t.c.SpringBootTestContextBootstrapper : Loaded default TestExecutionListener class names from location [META-INF/spring.factories]: [org.springframework.boot.test.autoconfigure.restdocs.RestDocsTestExecutionListener, org.springframework.boot.test.autoconfigure.web.client.MockRestServiceServerResetTestExecutionListener, org.springframework.boot.test.autoconfigure.web.servlet.MockMvcPrintOnlyOnFailureTestExecutionListener, org.springframework.boot.test.autoconfigure.web.servlet.WebDriverTestExecutionListener, org.springframework.boot.test.autoconfigure.webservices.client.MockWebServiceServerTestExecutionListener, org.springframework.boot.test.mock.mockito.MockitoTestExecutionListener, org.springframework.boot.test.mock.mockito.ResetMocksTestExecutionListener, org.springframework.test.context.web.ServletTestExecutionListener, org.springframework.test.context.support.DirtiesContextBeforeModesTestExecutionListener, org.springframework.test.context.event.ApplicationEventsTestExecutionListener, org.springframework.test.context.support.DependencyInjectionTestExecutionListener, org.springframework.test.context.support.DirtiesContextTestExecutionListener, org.springframework.test.context.transaction.TransactionalTestExecutionListener, org.springframework.test.context.jdbc.SqlScriptsTestExecutionListener, org.springframework.test.context.event.EventPublishingTestExecutionListener]
2022-10-12 15:45:46.808  INFO 28924 --- [    Test worker] .b.t.c.SpringBootTestContextBootstrapper : Using TestExecutionListeners: [org.springframework.test.context.support.DirtiesContextBeforeModesTestExecutionListener@1f992a3a, org.springframework.test.context.event.ApplicationEventsTestExecutionListener@30bf26df, org.springframework.boot.test.mock.mockito.MockitoTestExecutionListener@261bd7b, org.springframework.boot.test.autoconfigure.SpringBootDependencyInjectionTestExecutionListener@6f9e08d4, org.springframework.test.context.support.DirtiesContextTestExecutionListener@390037e7, org.springframework.test.context.event.EventPublishingTestExecutionListener@704067c6, org.springframework.boot.test.autoconfigure.restdocs.RestDocsTestExecutionListener@7f4596d0, org.springframework.boot.test.autoconfigure.web.client.MockRestServiceServerResetTestExecutionListener@6002e944, org.springframework.boot.test.autoconfigure.web.servlet.MockMvcPrintOnlyOnFailureTestExecutionListener@588545ac, org.springframework.boot.test.autoconfigure.web.servlet.WebDriverTestExecutionListener@2b08772d, org.springframework.boot.test.autoconfigure.webservices.client.MockWebServiceServerTestExecutionListener@78a8978a, org.springframework.boot.test.mock.mockito.ResetMocksTestExecutionListener@f171912]
Saving data to the database.
Loading data from the database
===== Bean list: ====>>
org.springframework.context.annotation.internalConfigurationAnnotationProcessor
org.springframework.context.annotation.internalAutowiredAnnotationProcessor
org.springframework.context.annotation.internalCommonAnnotationProcessor
org.springframework.context.event.internalEventListenerProcessor
org.springframework.context.event.internalEventListenerFactory
libraryConfig
library
libraryDbController
<<===== Bean list ====
===== Bean list: ====>>
org.springframework.context.annotation.internalConfigurationAnnotationProcessor
org.springframework.context.annotation.internalAutowiredAnnotationProcessor
org.springframework.context.annotation.internalCommonAnnotationProcessor
org.springframework.context.event.internalEventListenerProcessor
org.springframework.context.event.internalEventListenerFactory
kodillaSpringApplication
calculator
display
forumUser
libraryConfig
boardConfig
readerConfig
circle
shapeFactory
triangle
org.springframework.boot.autoconfigure.AutoConfigurationPackages
library
libraryDbController
board
toDoList
inProgressList
doneList
getReader
book1
createSquare
chosenShape
org.springframework.boot.autoconfigure.context.PropertyPlaceholderAutoConfiguration
propertySourcesPlaceholderConfigurer
org.springframework.boot.autoconfigure.aop.AopAutoConfiguration$ClassProxyingConfiguration
forceAutoProxyCreatorToUseClassProxying
org.springframework.boot.autoconfigure.aop.AopAutoConfiguration
org.springframework.boot.autoconfigure.availability.ApplicationAvailabilityAutoConfiguration
applicationAvailability
org.springframework.boot.autoconfigure.context.ConfigurationPropertiesAutoConfiguration
org.springframework.boot.context.properties.ConfigurationPropertiesBindingPostProcessor
org.springframework.boot.context.internalConfigurationPropertiesBinderFactory
org.springframework.boot.context.internalConfigurationPropertiesBinder
org.springframework.boot.context.properties.BoundConfigurationProperties
org.springframework.boot.context.properties.EnableConfigurationPropertiesRegistrar.methodValidationExcludeFilter
org.springframework.boot.autoconfigure.context.LifecycleAutoConfiguration
lifecycleProcessor
spring.lifecycle-org.springframework.boot.autoconfigure.context.LifecycleProperties
org.springframework.boot.autoconfigure.info.ProjectInfoAutoConfiguration
spring.info-org.springframework.boot.autoconfigure.info.ProjectInfoProperties
org.springframework.boot.autoconfigure.sql.init.SqlInitializationAutoConfiguration
spring.sql.init-org.springframework.boot.autoconfigure.sql.init.SqlInitializationProperties
org.springframework.boot.sql.init.dependency.DatabaseInitializationDependencyConfigurer$DependsOnDatabaseInitializationPostProcessor
org.springframework.boot.autoconfigure.task.TaskExecutionAutoConfiguration
taskExecutorBuilder
applicationTaskExecutor
spring.task.execution-org.springframework.boot.autoconfigure.task.TaskExecutionProperties
org.springframework.boot.autoconfigure.task.TaskSchedulingAutoConfiguration
scheduledBeanLazyInitializationExcludeFilter
taskSchedulerBuilder
spring.task.scheduling-org.springframework.boot.autoconfigure.task.TaskSchedulingProperties
org.springframework.aop.config.internalAutoProxyCreator
<<===== Bean list ====
]]></system-out>
  <system-err><![CDATA[]]></system-err>
</testsuite>
