<?xml version="1.0" encoding="UTF-8"?>
<testsuite name="Tests for posts" tests="4" skipped="0" failures="0" errors="0" timestamp="2023-02-27T10:55:02" hostname="LAPTOP-6257JG67" time="0.004">
  <properties/>
  <testcase name="testAddPost()" classname="com.kodilla.matrix.testing.forum.tdd.ForumTestSuite$TestPost" time="0.0"/>
  <testcase name="testGetPost()" classname="com.kodilla.matrix.testing.forum.tdd.ForumTestSuite$TestPost" time="0.001"/>
  <testcase name="testRemovePost()" classname="com.kodilla.matrix.testing.forum.tdd.ForumTestSuite$TestPost" time="0.001"/>
  <testcase name="testRemovePostNoExisting()" classname="com.kodilla.matrix.testing.forum.tdd.ForumTestSuite$TestPost" time="0.001"/>
  <system-out><![CDATA[Preparing to execute test #: 5
Preparing to execute test #: 6
Preparing to execute test #: 7
Preparing to execute test #: 8
]]></system-out>
  <system-err><![CDATA[]]></system-err>
</testsuite>
