<?xml version="1.0" encoding="UTF-8"?>
<testsuite name="Statistics forum Test Suite" tests="8" skipped="0" failures="0" errors="0" timestamp="2022-10-08T13:08:09" hostname="LAPTOP-6257JG67" time="0.806">
  <properties/>
  <testcase name="testUserQuantityIs100()" classname="com.kodilla.testing.forum.statistics.StatisticsForumTestSuite" time="0.746"/>
  <testcase name="testPostsQuantityIs0()" classname="com.kodilla.testing.forum.statistics.StatisticsForumTestSuite" time="0.004"/>
  <testcase name="testCommentsGreaterThenPosts()" classname="com.kodilla.testing.forum.statistics.StatisticsForumTestSuite" time="0.003"/>
  <testcase name="testPostsQuantityIs100()" classname="com.kodilla.testing.forum.statistics.StatisticsForumTestSuite" time="0.005"/>
  <testcase name="testShowStatistics()" classname="com.kodilla.testing.forum.statistics.StatisticsForumTestSuite" time="0.024"/>
  <testcase name="testCommentsQuantityIs0()" classname="com.kodilla.testing.forum.statistics.StatisticsForumTestSuite" time="0.004"/>
  <testcase name="testUserQuantityIs0()" classname="com.kodilla.testing.forum.statistics.StatisticsForumTestSuite" time="0.006"/>
  <testcase name="testCommentsLessThenPosts()" classname="com.kodilla.testing.forum.statistics.StatisticsForumTestSuite" time="0.003"/>
  <system-out><![CDATA[All tests: START

Test#: 1 just started. Good luck :)!
Test#: 1 was finished!

Test#: 2 just started. Good luck :)!
Test#: 2 was finished!

Test#: 3 just started. Good luck :)!
Test#: 3 was finished!

Test#: 4 just started. Good luck :)!
Test#: 4 was finished!

Test#: 5 just started. Good luck :)!
Test#: 5 was finished!

Test#: 6 just started. Good luck :)!
Test#: 6 was finished!

Test#: 7 just started. Good luck :)!
Test#: 7 was finished!

Test#: 8 just started. Good luck :)!
Test#: 8 was finished!

All test: END
]]></system-out>
  <system-err><![CDATA[]]></system-err>
</testsuite>
