<?xml version="1.0" encoding="UTF-8"?>
<testsuite name="My Exercises" tests="2" skipped="0" failures="0" errors="0" timestamp="2022-10-12T13:46:05" hostname="LAPTOP-6257JG67" time="0.052">
  <properties/>
  <testcase name="testListBooksInHandsOfUserRent()" classname="com.kodilla.testing.library.BookDirectoryTestSuite$MyExercises" time="0.047"/>
  <testcase name="testListBooksInHandsOfReturnList()" classname="com.kodilla.testing.library.BookDirectoryTestSuite$MyExercises" time="0.003"/>
  <system-out><![CDATA[Preparing to execute test #: 1
Test#: 1 was executed.
Preparing to execute test #: 2
Test#: 2 was executed.
]]></system-out>
  <system-err><![CDATA[]]></system-err>
</testsuite>
