<?xml version="1.0" encoding="UTF-8"?>
<testsuite name="Kodilla example" tests="1" skipped="0" failures="0" errors="0" timestamp="2023-02-27T10:55:02" hostname="LAPTOP-6257JG67" time="0.004">
  <properties/>
  <testcase name="testCalculateForecastWithMock()" classname="com.kodilla.matrix.testing.weather.mock.WeatherForecastTestSuite$KodillaExample" time="0.004"/>
  <system-out><![CDATA[Preparing to execute test #: 3
Test#: 3 was executed.
]]></system-out>
  <system-err><![CDATA[]]></system-err>
</testsuite>
