<?xml version="1.0" encoding="UTF-8"?>
<testsuite name="com.kodilla.hibernate.manytomany.facade.SearchingFacadeTestApplication" tests="1" skipped="0" failures="0" errors="0" timestamp="2023-02-27T11:45:53" hostname="LAPTOP-6257JG67" time="0.256">
  <properties/>
  <testcase name="testSearchingFacade()" classname="com.kodilla.hibernate.manytomany.facade.SearchingFacadeTestApplication" time="0.256"/>
  <system-out><![CDATA[2023-02-27 12:45:53.564  INFO 5660 --- [    Test worker] .b.t.c.SpringBootTestContextBootstrapper : Neither @ContextConfiguration nor @ContextHierarchy found for test class [com.kodilla.hibernate.manytomany.facade.SearchingFacadeTestApplication], using SpringBootContextLoader
2023-02-27 12:45:53.565  INFO 5660 --- [    Test worker] o.s.t.c.support.AbstractContextLoader    : Could not detect default resource locations for test class [com.kodilla.hibernate.manytomany.facade.SearchingFacadeTestApplication]: no resource found for suffixes {-context.xml, Context.groovy}.
2023-02-27 12:45:53.565  INFO 5660 --- [    Test worker] t.c.s.AnnotationConfigContextLoaderUtils : Could not detect default configuration classes for test class [com.kodilla.hibernate.manytomany.facade.SearchingFacadeTestApplication]: SearchingFacadeTestApplication does not declare any static, non-private, non-final, nested classes annotated with @Configuration.
2023-02-27 12:45:53.580  INFO 5660 --- [    Test worker] .b.t.c.SpringBootTestContextBootstrapper : Found @SpringBootConfiguration com.kodilla.hibernate.KodillaHibernateApplication for test class com.kodilla.hibernate.manytomany.facade.SearchingFacadeTestApplication
2023-02-27 12:45:53.582  INFO 5660 --- [    Test worker] .b.t.c.SpringBootTestContextBootstrapper : Loaded default TestExecutionListener class names from location [META-INF/spring.factories]: [org.springframework.boot.test.autoconfigure.restdocs.RestDocsTestExecutionListener, org.springframework.boot.test.autoconfigure.web.client.MockRestServiceServerResetTestExecutionListener, org.springframework.boot.test.autoconfigure.web.servlet.MockMvcPrintOnlyOnFailureTestExecutionListener, org.springframework.boot.test.autoconfigure.web.servlet.WebDriverTestExecutionListener, org.springframework.boot.test.autoconfigure.webservices.client.MockWebServiceServerTestExecutionListener, org.springframework.boot.test.mock.mockito.MockitoTestExecutionListener, org.springframework.boot.test.mock.mockito.ResetMocksTestExecutionListener, org.springframework.test.context.web.ServletTestExecutionListener, org.springframework.test.context.support.DirtiesContextBeforeModesTestExecutionListener, org.springframework.test.context.event.ApplicationEventsTestExecutionListener, org.springframework.test.context.support.DependencyInjectionTestExecutionListener, org.springframework.test.context.support.DirtiesContextTestExecutionListener, org.springframework.test.context.transaction.TransactionalTestExecutionListener, org.springframework.test.context.jdbc.SqlScriptsTestExecutionListener, org.springframework.test.context.event.EventPublishingTestExecutionListener]
2023-02-27 12:45:53.583  INFO 5660 --- [    Test worker] .b.t.c.SpringBootTestContextBootstrapper : Using TestExecutionListeners: [org.springframework.test.context.web.ServletTestExecutionListener@657e7e8, org.springframework.test.context.support.DirtiesContextBeforeModesTestExecutionListener@1b4ade78, org.springframework.test.context.event.ApplicationEventsTestExecutionListener@45fa7fb7, org.springframework.boot.test.mock.mockito.MockitoTestExecutionListener@32eeef08, org.springframework.boot.test.autoconfigure.SpringBootDependencyInjectionTestExecutionListener@bbf361a, org.springframework.test.context.support.DirtiesContextTestExecutionListener@46cb800b, org.springframework.test.context.transaction.TransactionalTestExecutionListener@505a48a2, org.springframework.test.context.jdbc.SqlScriptsTestExecutionListener@15096b0e, org.springframework.test.context.event.EventPublishingTestExecutionListener@67748053, org.springframework.boot.test.autoconfigure.restdocs.RestDocsTestExecutionListener@7da59f6e, org.springframework.boot.test.autoconfigure.web.client.MockRestServiceServerResetTestExecutionListener@7fb8d720, org.springframework.boot.test.autoconfigure.web.servlet.MockMvcPrintOnlyOnFailureTestExecutionListener@21b792c2, org.springframework.boot.test.autoconfigure.web.servlet.WebDriverTestExecutionListener@6202f8bf, org.springframework.boot.test.autoconfigure.webservices.client.MockWebServiceServerTestExecutionListener@330d557e, org.springframework.boot.test.mock.mockito.ResetMocksTestExecutionListener@ab595e8]
2023-02-27 12:45:53.588  INFO 5660 --- [    Test worker] c.k.h.manytomany.facade.SearchingFacade  : Adding Companies and Employees
Hibernate: select next_val as id_val from hibernate_sequence for update
Hibernate: update hibernate_sequence set next_val= ? where next_val=?
Hibernate: select next_val as id_val from hibernate_sequence for update
Hibernate: update hibernate_sequence set next_val= ? where next_val=?
Hibernate: select next_val as id_val from hibernate_sequence for update
Hibernate: update hibernate_sequence set next_val= ? where next_val=?
Hibernate: select next_val as id_val from hibernate_sequence for update
Hibernate: update hibernate_sequence set next_val= ? where next_val=?
Hibernate: select next_val as id_val from hibernate_sequence for update
Hibernate: update hibernate_sequence set next_val= ? where next_val=?
Hibernate: select next_val as id_val from hibernate_sequence for update
Hibernate: update hibernate_sequence set next_val= ? where next_val=?
Hibernate: insert into employees (firstname, lastname, employee_id) values (?, ?, ?)
Hibernate: insert into company (company_name, company_id) values (?, ?)
Hibernate: insert into company (company_name, company_id) values (?, ?)
Hibernate: insert into employees (firstname, lastname, employee_id) values (?, ?, ?)
Hibernate: insert into company (company_name, company_id) values (?, ?)
Hibernate: insert into employees (firstname, lastname, employee_id) values (?, ?, ?)
Hibernate: insert into join_company_employee (employee_id, company_id) values (?, ?)
Hibernate: insert into join_company_employee (employee_id, company_id) values (?, ?)
Hibernate: insert into join_company_employee (employee_id, company_id) values (?, ?)
Hibernate: insert into join_company_employee (employee_id, company_id) values (?, ?)
Hibernate: insert into join_company_employee (employee_id, company_id) values (?, ?)
Hibernate: select employee0_.employee_id as employee1_1_1_, employee0_.firstname as firstnam2_1_1_, employee0_.lastname as lastname3_1_1_, companies1_.employee_id as employee1_4_3_, company2_.company_id as company_2_4_3_, company2_.company_id as company_1_0_0_, company2_.company_name as company_2_0_0_ from employees employee0_ left outer join join_company_employee companies1_ on employee0_.employee_id=companies1_.employee_id left outer join company company2_ on companies1_.company_id=company2_.company_id where employee0_.employee_id=?
Hibernate: select employee0_.employee_id as employee1_1_1_, employee0_.firstname as firstnam2_1_1_, employee0_.lastname as lastname3_1_1_, companies1_.employee_id as employee1_4_3_, company2_.company_id as company_2_4_3_, company2_.company_id as company_1_0_0_, company2_.company_name as company_2_0_0_ from employees employee0_ left outer join join_company_employee companies1_ on employee0_.employee_id=companies1_.employee_id left outer join company company2_ on companies1_.company_id=company2_.company_id where employee0_.employee_id=?
Hibernate: select employee0_.employee_id as employee1_1_1_, employee0_.firstname as firstnam2_1_1_, employee0_.lastname as lastname3_1_1_, companies1_.employee_id as employee1_4_3_, company2_.company_id as company_2_4_3_, company2_.company_id as company_1_0_0_, company2_.company_name as company_2_0_0_ from employees employee0_ left outer join join_company_employee companies1_ on employee0_.employee_id=companies1_.employee_id left outer join company company2_ on companies1_.company_id=company2_.company_id where employee0_.employee_id=?
Hibernate: select employee0_.employee_id as employee1_1_1_, employee0_.firstname as firstnam2_1_1_, employee0_.lastname as lastname3_1_1_, companies1_.employee_id as employee1_4_3_, company2_.company_id as company_2_4_3_, company2_.company_id as company_1_0_0_, company2_.company_name as company_2_0_0_ from employees employee0_ left outer join join_company_employee companies1_ on employee0_.employee_id=companies1_.employee_id left outer join company company2_ on companies1_.company_id=company2_.company_id where employee0_.employee_id=?
Hibernate: select employee0_.employee_id as employee1_1_1_, employee0_.firstname as firstnam2_1_1_, employee0_.lastname as lastname3_1_1_, companies1_.employee_id as employee1_4_3_, company2_.company_id as company_2_4_3_, company2_.company_id as company_1_0_0_, company2_.company_name as company_2_0_0_ from employees employee0_ left outer join join_company_employee companies1_ on employee0_.employee_id=companies1_.employee_id left outer join company company2_ on companies1_.company_id=company2_.company_id where employee0_.employee_id=?
Hibernate: select employee0_.employee_id as employee1_1_1_, employee0_.firstname as firstnam2_1_1_, employee0_.lastname as lastname3_1_1_, companies1_.employee_id as employee1_4_3_, company2_.company_id as company_2_4_3_, company2_.company_id as company_1_0_0_, company2_.company_name as company_2_0_0_ from employees employee0_ left outer join join_company_employee companies1_ on employee0_.employee_id=companies1_.employee_id left outer join company company2_ on companies1_.company_id=company2_.company_id where employee0_.employee_id=?
Hibernate: select company0_.company_id as company_1_0_1_, company0_.company_name as company_2_0_1_, employees1_.company_id as company_2_4_3_, employee2_.employee_id as employee1_4_3_, employee2_.employee_id as employee1_1_0_, employee2_.firstname as firstnam2_1_0_, employee2_.lastname as lastname3_1_0_ from company company0_ left outer join join_company_employee employees1_ on company0_.company_id=employees1_.company_id left outer join employees employee2_ on employees1_.employee_id=employee2_.employee_id where company0_.company_id=?
Hibernate: select company0_.company_id as company_1_0_1_, company0_.company_name as company_2_0_1_, employees1_.company_id as company_2_4_3_, employee2_.employee_id as employee1_4_3_, employee2_.employee_id as employee1_1_0_, employee2_.firstname as firstnam2_1_0_, employee2_.lastname as lastname3_1_0_ from company company0_ left outer join join_company_employee employees1_ on company0_.company_id=employees1_.company_id left outer join employees employee2_ on employees1_.employee_id=employee2_.employee_id where company0_.company_id=?
Hibernate: select company0_.company_id as company_1_0_1_, company0_.company_name as company_2_0_1_, employees1_.company_id as company_2_4_3_, employee2_.employee_id as employee1_4_3_, employee2_.employee_id as employee1_1_0_, employee2_.firstname as firstnam2_1_0_, employee2_.lastname as lastname3_1_0_ from company company0_ left outer join join_company_employee employees1_ on company0_.company_id=employees1_.company_id left outer join employees employee2_ on employees1_.employee_id=employee2_.employee_id where company0_.company_id=?
Hibernate: select companies0_.employee_id as employee1_4_0_, companies0_.company_id as company_2_4_0_, company1_.company_id as company_1_0_1_, company1_.company_name as company_2_0_1_ from join_company_employee companies0_ inner join company company1_ on companies0_.company_id=company1_.company_id where companies0_.employee_id=?
Hibernate: select companies0_.employee_id as employee1_4_0_, companies0_.company_id as company_2_4_0_, company1_.company_id as company_1_0_1_, company1_.company_name as company_2_0_1_ from join_company_employee companies0_ inner join company company1_ on companies0_.company_id=company1_.company_id where companies0_.employee_id=?
Hibernate: select companies0_.employee_id as employee1_4_0_, companies0_.company_id as company_2_4_0_, company1_.company_id as company_1_0_1_, company1_.company_name as company_2_0_1_ from join_company_employee companies0_ inner join company company1_ on companies0_.company_id=company1_.company_id where companies0_.employee_id=?
Hibernate: select company0_.company_id as company_1_0_1_, company0_.company_name as company_2_0_1_, employees1_.company_id as company_2_4_3_, employee2_.employee_id as employee1_4_3_, employee2_.employee_id as employee1_1_0_, employee2_.firstname as firstnam2_1_0_, employee2_.lastname as lastname3_1_0_ from company company0_ left outer join join_company_employee employees1_ on company0_.company_id=employees1_.company_id left outer join employees employee2_ on employees1_.employee_id=employee2_.employee_id where company0_.company_id=?
Hibernate: select companies0_.employee_id as employee1_4_0_, companies0_.company_id as company_2_4_0_, company1_.company_id as company_1_0_1_, company1_.company_name as company_2_0_1_ from join_company_employee companies0_ inner join company company1_ on companies0_.company_id=company1_.company_id where companies0_.employee_id=?
Hibernate: select company0_.company_id as company_1_0_1_, company0_.company_name as company_2_0_1_, employees1_.company_id as company_2_4_3_, employee2_.employee_id as employee1_4_3_, employee2_.employee_id as employee1_1_0_, employee2_.firstname as firstnam2_1_0_, employee2_.lastname as lastname3_1_0_ from company company0_ left outer join join_company_employee employees1_ on company0_.company_id=employees1_.company_id left outer join employees employee2_ on employees1_.employee_id=employee2_.employee_id where company0_.company_id=?
Hibernate: select company0_.company_id as company_1_0_1_, company0_.company_name as company_2_0_1_, employees1_.company_id as company_2_4_3_, employee2_.employee_id as employee1_4_3_, employee2_.employee_id as employee1_1_0_, employee2_.firstname as firstnam2_1_0_, employee2_.lastname as lastname3_1_0_ from company company0_ left outer join join_company_employee employees1_ on company0_.company_id=employees1_.company_id left outer join employees employee2_ on employees1_.employee_id=employee2_.employee_id where company0_.company_id=?
Hibernate: select companies0_.employee_id as employee1_4_0_, companies0_.company_id as company_2_4_0_, company1_.company_id as company_1_0_1_, company1_.company_name as company_2_0_1_ from join_company_employee companies0_ inner join company company1_ on companies0_.company_id=company1_.company_id where companies0_.employee_id=?
Hibernate: select companies0_.employee_id as employee1_4_0_, companies0_.company_id as company_2_4_0_, company1_.company_id as company_1_0_1_, company1_.company_name as company_2_0_1_ from join_company_employee companies0_ inner join company company1_ on companies0_.company_id=company1_.company_id where companies0_.employee_id=?
Hibernate: select company0_.company_id as company_1_0_1_, company0_.company_name as company_2_0_1_, employees1_.company_id as company_2_4_3_, employee2_.employee_id as employee1_4_3_, employee2_.employee_id as employee1_1_0_, employee2_.firstname as firstnam2_1_0_, employee2_.lastname as lastname3_1_0_ from company company0_ left outer join join_company_employee employees1_ on company0_.company_id=employees1_.company_id left outer join employees employee2_ on employees1_.employee_id=employee2_.employee_id where company0_.company_id=?
Hibernate: select company0_.company_id as company_1_0_1_, company0_.company_name as company_2_0_1_, employees1_.company_id as company_2_4_3_, employee2_.employee_id as employee1_4_3_, employee2_.employee_id as employee1_1_0_, employee2_.firstname as firstnam2_1_0_, employee2_.lastname as lastname3_1_0_ from company company0_ left outer join join_company_employee employees1_ on company0_.company_id=employees1_.company_id left outer join employees employee2_ on employees1_.employee_id=employee2_.employee_id where company0_.company_id=?
Hibernate: select companies0_.employee_id as employee1_4_0_, companies0_.company_id as company_2_4_0_, company1_.company_id as company_1_0_1_, company1_.company_name as company_2_0_1_ from join_company_employee companies0_ inner join company company1_ on companies0_.company_id=company1_.company_id where companies0_.employee_id=?
Hibernate: select company0_.company_id as company_1_0_1_, company0_.company_name as company_2_0_1_, employees1_.company_id as company_2_4_3_, employee2_.employee_id as employee1_4_3_, employee2_.employee_id as employee1_1_0_, employee2_.firstname as firstnam2_1_0_, employee2_.lastname as lastname3_1_0_ from company company0_ left outer join join_company_employee employees1_ on company0_.company_id=employees1_.company_id left outer join employees employee2_ on employees1_.employee_id=employee2_.employee_id where company0_.company_id=?
Hibernate: select companies0_.employee_id as employee1_4_0_, companies0_.company_id as company_2_4_0_, company1_.company_id as company_1_0_1_, company1_.company_name as company_2_0_1_ from join_company_employee companies0_ inner join company company1_ on companies0_.company_id=company1_.company_id where companies0_.employee_id=?
Hibernate: select companies0_.employee_id as employee1_4_0_, companies0_.company_id as company_2_4_0_, company1_.company_id as company_1_0_1_, company1_.company_name as company_2_0_1_ from join_company_employee companies0_ inner join company company1_ on companies0_.company_id=company1_.company_id where companies0_.employee_id=?
2023-02-27 12:45:53.699  INFO 5660 --- [    Test worker] c.k.h.manytomany.facade.SearchingFacade  : Companies and Employees were added successfully
2023-02-27 12:45:53.700  INFO 5660 --- [    Test worker] c.k.h.manytomany.facade.SearchingFacade  : Finding companies comprising: "a"
Hibernate: select company0_.company_id as company_1_0_, company0_.company_name as company_2_0_ from company company0_ where company0_.company_name like ?
2023-02-27 12:45:53.711  INFO 5660 --- [    Test worker] c.k.h.manytomany.facade.SearchingFacade  : There is 12 companies comprising 'a'
2023-02-27 12:45:53.711  INFO 5660 --- [    Test worker] c.k.h.manytomany.facade.SearchingFacade  : Finding employees comprising: "a"
Hibernate: select employee0_.employee_id as employee1_1_, employee0_.firstname as firstnam2_1_, employee0_.lastname as lastname3_1_ from employees employee0_ where employee0_.lastname like ? or employee0_.firstname like ?
2023-02-27 12:45:53.718  INFO 5660 --- [    Test worker] c.k.h.manytomany.facade.SearchingFacade  : There is 8 employees comprising 'a'
2023-02-27 12:45:53.718  INFO 5660 --- [    Test worker] c.k.h.manytomany.facade.SearchingFacade  : Deleting Companies
Hibernate: select company0_.company_id as company_1_0_, company0_.company_name as company_2_0_ from company company0_ where company0_.company_name=?
Hibernate: select employees0_.company_id as company_2_4_0_, employees0_.employee_id as employee1_4_0_, employee1_.employee_id as employee1_1_1_, employee1_.firstname as firstnam2_1_1_, employee1_.lastname as lastname3_1_1_ from join_company_employee employees0_ inner join employees employee1_ on employees0_.employee_id=employee1_.employee_id where employees0_.company_id=?
Hibernate: select companies0_.employee_id as employee1_4_0_, companies0_.company_id as company_2_4_0_, company1_.company_id as company_1_0_1_, company1_.company_name as company_2_0_1_ from join_company_employee companies0_ inner join company company1_ on companies0_.company_id=company1_.company_id where companies0_.employee_id=?
Hibernate: select employees0_.company_id as company_2_4_0_, employees0_.employee_id as employee1_4_0_, employee1_.employee_id as employee1_1_1_, employee1_.firstname as firstnam2_1_1_, employee1_.lastname as lastname3_1_1_ from join_company_employee employees0_ inner join employees employee1_ on employees0_.employee_id=employee1_.employee_id where employees0_.company_id=?
Hibernate: select companies0_.employee_id as employee1_4_0_, companies0_.company_id as company_2_4_0_, company1_.company_id as company_1_0_1_, company1_.company_name as company_2_0_1_ from join_company_employee companies0_ inner join company company1_ on companies0_.company_id=company1_.company_id where companies0_.employee_id=?
Hibernate: select employees0_.company_id as company_2_4_0_, employees0_.employee_id as employee1_4_0_, employee1_.employee_id as employee1_1_1_, employee1_.firstname as firstnam2_1_1_, employee1_.lastname as lastname3_1_1_ from join_company_employee employees0_ inner join employees employee1_ on employees0_.employee_id=employee1_.employee_id where employees0_.company_id=?
Hibernate: select companies0_.employee_id as employee1_4_0_, companies0_.company_id as company_2_4_0_, company1_.company_id as company_1_0_1_, company1_.company_name as company_2_0_1_ from join_company_employee companies0_ inner join company company1_ on companies0_.company_id=company1_.company_id where companies0_.employee_id=?
Hibernate: select employees0_.company_id as company_2_4_0_, employees0_.employee_id as employee1_4_0_, employee1_.employee_id as employee1_1_1_, employee1_.firstname as firstnam2_1_1_, employee1_.lastname as lastname3_1_1_ from join_company_employee employees0_ inner join employees employee1_ on employees0_.employee_id=employee1_.employee_id where employees0_.company_id=?
Hibernate: select companies0_.employee_id as employee1_4_0_, companies0_.company_id as company_2_4_0_, company1_.company_id as company_1_0_1_, company1_.company_name as company_2_0_1_ from join_company_employee companies0_ inner join company company1_ on companies0_.company_id=company1_.company_id where companies0_.employee_id=?
Hibernate: select employees0_.company_id as company_2_4_0_, employees0_.employee_id as employee1_4_0_, employee1_.employee_id as employee1_1_1_, employee1_.firstname as firstnam2_1_1_, employee1_.lastname as lastname3_1_1_ from join_company_employee employees0_ inner join employees employee1_ on employees0_.employee_id=employee1_.employee_id where employees0_.company_id=?
Hibernate: select companies0_.employee_id as employee1_4_0_, companies0_.company_id as company_2_4_0_, company1_.company_id as company_1_0_1_, company1_.company_name as company_2_0_1_ from join_company_employee companies0_ inner join company company1_ on companies0_.company_id=company1_.company_id where companies0_.employee_id=?
Hibernate: select employees0_.company_id as company_2_4_0_, employees0_.employee_id as employee1_4_0_, employee1_.employee_id as employee1_1_1_, employee1_.firstname as firstnam2_1_1_, employee1_.lastname as lastname3_1_1_ from join_company_employee employees0_ inner join employees employee1_ on employees0_.employee_id=employee1_.employee_id where employees0_.company_id=?
Hibernate: select companies0_.employee_id as employee1_4_0_, companies0_.company_id as company_2_4_0_, company1_.company_id as company_1_0_1_, company1_.company_name as company_2_0_1_ from join_company_employee companies0_ inner join company company1_ on companies0_.company_id=company1_.company_id where companies0_.employee_id=?
Hibernate: select employees0_.company_id as company_2_4_0_, employees0_.employee_id as employee1_4_0_, employee1_.employee_id as employee1_1_1_, employee1_.firstname as firstnam2_1_1_, employee1_.lastname as lastname3_1_1_ from join_company_employee employees0_ inner join employees employee1_ on employees0_.employee_id=employee1_.employee_id where employees0_.company_id=?
Hibernate: select companies0_.employee_id as employee1_4_0_, companies0_.company_id as company_2_4_0_, company1_.company_id as company_1_0_1_, company1_.company_name as company_2_0_1_ from join_company_employee companies0_ inner join company company1_ on companies0_.company_id=company1_.company_id where companies0_.employee_id=?
Hibernate: select employees0_.company_id as company_2_4_0_, employees0_.employee_id as employee1_4_0_, employee1_.employee_id as employee1_1_1_, employee1_.firstname as firstnam2_1_1_, employee1_.lastname as lastname3_1_1_ from join_company_employee employees0_ inner join employees employee1_ on employees0_.employee_id=employee1_.employee_id where employees0_.company_id=?
Hibernate: select companies0_.employee_id as employee1_4_0_, companies0_.company_id as company_2_4_0_, company1_.company_id as company_1_0_1_, company1_.company_name as company_2_0_1_ from join_company_employee companies0_ inner join company company1_ on companies0_.company_id=company1_.company_id where companies0_.employee_id=?
Hibernate: select employees0_.company_id as company_2_4_0_, employees0_.employee_id as employee1_4_0_, employee1_.employee_id as employee1_1_1_, employee1_.firstname as firstnam2_1_1_, employee1_.lastname as lastname3_1_1_ from join_company_employee employees0_ inner join employees employee1_ on employees0_.employee_id=employee1_.employee_id where employees0_.company_id=?
Hibernate: select companies0_.employee_id as employee1_4_0_, companies0_.company_id as company_2_4_0_, company1_.company_id as company_1_0_1_, company1_.company_name as company_2_0_1_ from join_company_employee companies0_ inner join company company1_ on companies0_.company_id=company1_.company_id where companies0_.employee_id=?
Hibernate: select employees0_.company_id as company_2_4_0_, employees0_.employee_id as employee1_4_0_, employee1_.employee_id as employee1_1_1_, employee1_.firstname as firstnam2_1_1_, employee1_.lastname as lastname3_1_1_ from join_company_employee employees0_ inner join employees employee1_ on employees0_.employee_id=employee1_.employee_id where employees0_.company_id=?
Hibernate: select companies0_.employee_id as employee1_4_0_, companies0_.company_id as company_2_4_0_, company1_.company_id as company_1_0_1_, company1_.company_name as company_2_0_1_ from join_company_employee companies0_ inner join company company1_ on companies0_.company_id=company1_.company_id where companies0_.employee_id=?
Hibernate: select employees0_.company_id as company_2_4_0_, employees0_.employee_id as employee1_4_0_, employee1_.employee_id as employee1_1_1_, employee1_.firstname as firstnam2_1_1_, employee1_.lastname as lastname3_1_1_ from join_company_employee employees0_ inner join employees employee1_ on employees0_.employee_id=employee1_.employee_id where employees0_.company_id=?
Hibernate: select companies0_.employee_id as employee1_4_0_, companies0_.company_id as company_2_4_0_, company1_.company_id as company_1_0_1_, company1_.company_name as company_2_0_1_ from join_company_employee companies0_ inner join company company1_ on companies0_.company_id=company1_.company_id where companies0_.employee_id=?
Hibernate: select employees0_.company_id as company_2_4_0_, employees0_.employee_id as employee1_4_0_, employee1_.employee_id as employee1_1_1_, employee1_.firstname as firstnam2_1_1_, employee1_.lastname as lastname3_1_1_ from join_company_employee employees0_ inner join employees employee1_ on employees0_.employee_id=employee1_.employee_id where employees0_.company_id=?
Hibernate: select companies0_.employee_id as employee1_4_0_, companies0_.company_id as company_2_4_0_, company1_.company_id as company_1_0_1_, company1_.company_name as company_2_0_1_ from join_company_employee companies0_ inner join company company1_ on companies0_.company_id=company1_.company_id where companies0_.employee_id=?
Hibernate: delete from join_company_employee where employee_id=?
Hibernate: delete from join_company_employee where employee_id=?
Hibernate: delete from join_company_employee where employee_id=?
Hibernate: delete from join_company_employee where employee_id=?
Hibernate: delete from join_company_employee where employee_id=?
Hibernate: delete from join_company_employee where employee_id=?
Hibernate: delete from join_company_employee where employee_id=?
Hibernate: delete from join_company_employee where employee_id=?
Hibernate: delete from join_company_employee where employee_id=?
Hibernate: delete from join_company_employee where employee_id=?
Hibernate: delete from join_company_employee where employee_id=?
Hibernate: delete from join_company_employee where employee_id=?
Hibernate: delete from employees where employee_id=?
Hibernate: delete from company where company_id=?
Hibernate: delete from employees where employee_id=?
Hibernate: delete from company where company_id=?
Hibernate: delete from employees where employee_id=?
Hibernate: delete from company where company_id=?
Hibernate: delete from employees where employee_id=?
Hibernate: delete from company where company_id=?
Hibernate: delete from employees where employee_id=?
Hibernate: delete from company where company_id=?
Hibernate: delete from employees where employee_id=?
Hibernate: delete from company where company_id=?
Hibernate: delete from employees where employee_id=?
Hibernate: delete from company where company_id=?
Hibernate: delete from employees where employee_id=?
Hibernate: delete from company where company_id=?
Hibernate: delete from employees where employee_id=?
Hibernate: delete from company where company_id=?
Hibernate: delete from employees where employee_id=?
Hibernate: delete from company where company_id=?
Hibernate: delete from employees where employee_id=?
Hibernate: delete from company where company_id=?
Hibernate: delete from employees where employee_id=?
Hibernate: delete from company where company_id=?
Hibernate: select company0_.company_id as company_1_0_, company0_.company_name as company_2_0_ from company company0_ where company0_.company_name=?
Hibernate: select company0_.company_id as company_1_0_, company0_.company_name as company_2_0_ from company company0_ where company0_.company_name=?
2023-02-27 12:45:53.820  INFO 5660 --- [    Test worker] c.k.h.manytomany.facade.SearchingFacade  : Companies were deleted successfully
2023-02-27 12:45:53.820  INFO 5660 --- [    Test worker] c.k.h.manytomany.facade.SearchingFacade  : Deleting Employees
Hibernate: select employee0_.employee_id as employee1_1_, employee0_.firstname as firstnam2_1_, employee0_.lastname as lastname3_1_ from employees employee0_ where employee0_.lastname=?
Hibernate: select employee0_.employee_id as employee1_1_, employee0_.firstname as firstnam2_1_, employee0_.lastname as lastname3_1_ from employees employee0_ where employee0_.lastname=?
Hibernate: select employee0_.employee_id as employee1_1_, employee0_.firstname as firstnam2_1_, employee0_.lastname as lastname3_1_ from employees employee0_ where employee0_.lastname=?
2023-02-27 12:45:53.836  INFO 5660 --- [    Test worker] c.k.h.manytomany.facade.SearchingFacade  : Employees were deleted successfully
]]></system-out>
  <system-err><![CDATA[]]></system-err>
</testsuite>
