<?xml version="1.0" encoding="UTF-8"?>
<testsuite name="com.kodilla.matrix.patterns.builder.bigmac.BigmacTestSuite" tests="1" skipped="0" failures="0" errors="0" timestamp="2023-02-24T15:13:07" hostname="LAPTOP-6257JG67" time="0.064">
  <properties/>
  <testcase name="testBigmacBuilder()" classname="com.kodilla.matrix.patterns.builder.bigmac.BigmacTestSuite" time="0.064"/>
  <system-out><![CDATA[Bigmac: 
1. [Bread type] = bun
2. [Amount of burgers] = 2
3. [Sauce type] = barbecue
4. [Ingredients] = [pickel, onion rings, bacon, cheese]
]]></system-out>
  <system-err><![CDATA[]]></system-err>
</testsuite>
