<?xml version="1.0" encoding="UTF-8"?>
<testsuite name="com.kodilla.patterns.strategy.social.UserTestSuite" tests="2" skipped="0" failures="0" errors="0" timestamp="2022-10-14T17:22:17" hostname="LAPTOP-6257JG67" time="0.032">
  <properties/>
  <testcase name="testDefaultSharingStrategies()" classname="com.kodilla.patterns.strategy.social.UserTestSuite" time="0.029"/>
  <testcase name="testIndividualSharingStrategy()" classname="com.kodilla.patterns.strategy.social.UserTestSuite" time="0.002"/>
  <system-out><![CDATA[
Test#: 1
Johnny Bravo's favorite social media is: Facebook
Dexter's favorite social media is: Twitter
Samurai Jack's favorite social media is: Snapchat

Test#: 2
Johnny Bravo's favorite social media is: Facebook
Johnny Bravo's favorite social media is: Snapchat

]]></system-out>
  <system-err><![CDATA[]]></system-err>
</testsuite>
