<?xml version="1.0" encoding="UTF-8"?>
<testsuite name="com.kodilla.matrix.patterns.factory.ShapeFactoryTestSuite" tests="3" skipped="0" failures="0" errors="0" timestamp="2023-02-24T15:13:07" hostname="LAPTOP-6257JG67" time="0.01">
  <properties/>
  <testcase name="testFactoryCircle()" classname="com.kodilla.matrix.patterns.factory.ShapeFactoryTestSuite" time="0.004"/>
  <testcase name="testFactorySquare()" classname="com.kodilla.matrix.patterns.factory.ShapeFactoryTestSuite" time="0.002"/>
  <testcase name="testFactoryRectangle()" classname="com.kodilla.matrix.patterns.factory.ShapeFactoryTestSuite" time="0.002"/>
  <system-out><![CDATA[]]></system-out>
  <system-err><![CDATA[]]></system-err>
</testsuite>
