<?xml version="1.0" encoding="UTF-8"?>
<testsuite name="com.kodilla.patterns.builder.checkers.CheckerTestSuite" tests="1" skipped="0" failures="0" errors="0" timestamp="2022-10-16T09:33:03" hostname="LAPTOP-6257JG67" time="0.025">
  <properties/>
  <testcase name="testCheckersBuilder()" classname="com.kodilla.patterns.builder.checkers.CheckerTestSuite" time="0.025"/>
  <system-out><![CDATA[| | |wQ|wP| | | | | | |
| | | | | | | | | | |
| | | | | | | | | | |
| | | | | | | | | | |
| | | | | | | | | | |
| | | | | | | | | | |
| | | | | | | | | | |
| | | | | | | | | | |
| | | | | | | | | | |
| | | | | | | |bP| | |

]]></system-out>
  <system-err><![CDATA[]]></system-err>
</testsuite>
