<?xml version="1.0" encoding="UTF-8"?>
<testsuite name="com.kodilla.matrix.patterns.builder.checkers.CheckerTestSuite" tests="1" skipped="0" failures="0" errors="0" timestamp="2023-02-24T15:13:07" hostname="LAPTOP-6257JG67" time="0.011">
  <properties/>
  <testcase name="testCheckersBuilder()" classname="com.kodilla.matrix.patterns.builder.checkers.CheckerTestSuite" time="0.011"/>
  <system-out><![CDATA[| | |wQ|wP| | | | | | |
| | | | | | | | | | |
| | | | | | | | | | |
| | | | | | | | | | |
| | | | | | | | | | |
| | | | | | | | | | |
| | | | | | | | | | |
| | | | | | | | | | |
| | | | | | | | | | |
| | | | | | | |bP| | |

]]></system-out>
  <system-err><![CDATA[]]></system-err>
</testsuite>
