<?xml version="1.0" encoding="UTF-8"?>
<testsuite name="com.kodilla.patterns.factory.ShapeFactoryTestSuite" tests="3" skipped="0" failures="0" errors="0" timestamp="2022-10-15T08:35:45" hostname="LAPTOP-6257JG67" time="0.03">
  <properties/>
  <testcase name="testFactoryCircle()" classname="com.kodilla.patterns.factory.ShapeFactoryTestSuite" time="0.025"/>
  <testcase name="testFactorySquare()" classname="com.kodilla.patterns.factory.ShapeFactoryTestSuite" time="0.002"/>
  <testcase name="testFactoryRectangle()" classname="com.kodilla.patterns.factory.ShapeFactoryTestSuite" time="0.001"/>
  <system-out><![CDATA[]]></system-out>
  <system-err><![CDATA[]]></system-err>
</testsuite>
