<?xml version="1.0" encoding="UTF-8"?>
<testsuite name="com.kodilla.matrix.patterns.singleton.SettingsFileEngineTestSuite" tests="3" skipped="0" failures="0" errors="0" timestamp="2023-02-24T15:13:07" hostname="LAPTOP-6257JG67" time="0.006">
  <properties/>
  <testcase name="testSaveSettings()" classname="com.kodilla.matrix.patterns.singleton.SettingsFileEngineTestSuite" time="0.001"/>
  <testcase name="testLoadSettings()" classname="com.kodilla.matrix.patterns.singleton.SettingsFileEngineTestSuite" time="0.002"/>
  <testcase name="testGetFileName()" classname="com.kodilla.matrix.patterns.singleton.SettingsFileEngineTestSuite" time="0.001"/>
  <system-out><![CDATA[Open the settings file
Saving settings to file
Loading settings from file
Opened: myapp.settings
Closing the settings file
]]></system-out>
  <system-err><![CDATA[]]></system-err>
</testsuite>
