<?xml version="1.0" encoding="UTF-8"?>
<testsuite name="com.kodilla.matrix.patterns.singleton.LoggerTestSuite" tests="1" skipped="0" failures="0" errors="0" timestamp="2023-02-24T15:13:07" hostname="LAPTOP-6257JG67" time="0.001">
  <properties/>
  <testcase name="testGetLastLogger()" classname="com.kodilla.matrix.patterns.singleton.LoggerTestSuite" time="0.001"/>
  <system-out><![CDATA[Log: [Checking last log]
]]></system-out>
  <system-err><![CDATA[]]></system-err>
</testsuite>
