<?xml version="1.0" encoding="UTF-8"?>
<testsuite name="com.kodilla.matrix.patterns.strategy.social.UserTestSuite" tests="2" skipped="0" failures="0" errors="0" timestamp="2023-02-24T15:13:07" hostname="LAPTOP-6257JG67" time="0.013">
  <properties/>
  <testcase name="testDefaultSharingStrategies()" classname="com.kodilla.matrix.patterns.strategy.social.UserTestSuite" time="0.009"/>
  <testcase name="testIndividualSharingStrategy()" classname="com.kodilla.matrix.patterns.strategy.social.UserTestSuite" time="0.003"/>
  <system-out><![CDATA[
Test#: 1
Johnny Bravo's favorite social media is: Facebook
Dexter's favorite social media is: Twitter
Samurai Jack's favorite social media is: Snapchat

Test#: 2
Johnny Bravo's favorite social media is: Facebook
Johnny Bravo's favorite social media is: Snapchat

]]></system-out>
  <system-err><![CDATA[]]></system-err>
</testsuite>
