<?xml version="1.0" encoding="UTF-8"?>
<testsuite name="com.kodilla.patterns.singleton.LoggerTestSuite" tests="1" skipped="0" failures="0" errors="0" timestamp="2022-10-12T16:23:18" hostname="LAPTOP-6257JG67" time="0.011">
  <properties/>
  <testcase name="testGetLastLogger()" classname="com.kodilla.patterns.singleton.LoggerTestSuite" time="0.011"/>
  <system-out><![CDATA[Log: [Checking last log]
]]></system-out>
  <system-err><![CDATA[]]></system-err>
</testsuite>
