<?xml version="1.0" encoding="UTF-8"?>
<testsuite name="com.kodilla.spring.intro.shape.DrawerTestSuite" tests="2" skipped="0" failures="0" errors="0" timestamp="2023-02-27T11:16:08" hostname="LAPTOP-6257JG67" time="0.028">
  <properties/>
  <testcase name="testDoDraweingWithCircle()" classname="com.kodilla.spring.intro.shape.DrawerTestSuite" time="0.025"/>
  <testcase name="testDoDraweingWithTriangle()" classname="com.kodilla.spring.intro.shape.DrawerTestSuite" time="0.002"/>
  <system-out><![CDATA[This is a circle
This is a triangle
]]></system-out>
  <system-err><![CDATA[]]></system-err>
</testsuite>
