<?xml version="1.0" encoding="UTF-8"?>
<testsuite name="com.kodilla.matrix.patterns2.decorator.ShopServiceTestSuite" tests="2" skipped="0" failures="0" errors="0" timestamp="2023-02-24T15:13:14" hostname="LAPTOP-6257JG67" time="0.029">
  <properties/>
  <testcase name="testShopServiceSubmitOrder()" classname="com.kodilla.matrix.patterns2.decorator.ShopServiceTestSuite" time="0.004"/>
  <testcase name="testShopFacade()" classname="com.kodilla.matrix.patterns2.decorator.ShopServiceTestSuite" time="0.024"/>
  <system-out><![CDATA[2023-02-24 16:13:14.347  INFO 21716 --- [    Test worker] .b.t.c.SpringBootTestContextBootstrapper : Neither @ContextConfiguration nor @ContextHierarchy found for test class [com.kodilla.matrix.patterns2.decorator.ShopServiceTestSuite], using SpringBootContextLoader
2023-02-24 16:13:14.348  INFO 21716 --- [    Test worker] o.s.t.c.support.AbstractContextLoader    : Could not detect default resource locations for test class [com.kodilla.matrix.patterns2.decorator.ShopServiceTestSuite]: no resource found for suffixes {-context.xml, Context.groovy}.
2023-02-24 16:13:14.348  INFO 21716 --- [    Test worker] t.c.s.AnnotationConfigContextLoaderUtils : Could not detect default configuration classes for test class [com.kodilla.matrix.patterns2.decorator.ShopServiceTestSuite]: ShopServiceTestSuite does not declare any static, non-private, non-final, nested classes annotated with @Configuration.
2023-02-24 16:13:14.354  INFO 21716 --- [    Test worker] .b.t.c.SpringBootTestContextBootstrapper : Found @SpringBootConfiguration com.kodilla.matrix.patterns2.KodillaApplication for test class com.kodilla.matrix.patterns2.decorator.ShopServiceTestSuite
2023-02-24 16:13:14.357  INFO 21716 --- [    Test worker] .b.t.c.SpringBootTestContextBootstrapper : Loaded default TestExecutionListener class names from location [META-INF/spring.factories]: [org.springframework.boot.test.autoconfigure.restdocs.RestDocsTestExecutionListener, org.springframework.boot.test.autoconfigure.web.client.MockRestServiceServerResetTestExecutionListener, org.springframework.boot.test.autoconfigure.web.servlet.MockMvcPrintOnlyOnFailureTestExecutionListener, org.springframework.boot.test.autoconfigure.web.servlet.WebDriverTestExecutionListener, org.springframework.boot.test.autoconfigure.webservices.client.MockWebServiceServerTestExecutionListener, org.springframework.boot.test.mock.mockito.MockitoTestExecutionListener, org.springframework.boot.test.mock.mockito.ResetMocksTestExecutionListener, org.springframework.test.context.web.ServletTestExecutionListener, org.springframework.test.context.support.DirtiesContextBeforeModesTestExecutionListener, org.springframework.test.context.event.ApplicationEventsTestExecutionListener, org.springframework.test.context.support.DependencyInjectionTestExecutionListener, org.springframework.test.context.support.DirtiesContextTestExecutionListener, org.springframework.test.context.transaction.TransactionalTestExecutionListener, org.springframework.test.context.jdbc.SqlScriptsTestExecutionListener, org.springframework.test.context.event.EventPublishingTestExecutionListener]
2023-02-24 16:13:14.359  INFO 21716 --- [    Test worker] .b.t.c.SpringBootTestContextBootstrapper : Using TestExecutionListeners: [org.springframework.test.context.support.DirtiesContextBeforeModesTestExecutionListener@4b8137c5, org.springframework.test.context.event.ApplicationEventsTestExecutionListener@77f4c040, org.springframework.boot.test.mock.mockito.MockitoTestExecutionListener@606a1bc4, org.springframework.boot.test.autoconfigure.SpringBootDependencyInjectionTestExecutionListener@6a15b73, org.springframework.test.context.support.DirtiesContextTestExecutionListener@44dc7b7d, org.springframework.test.context.event.EventPublishingTestExecutionListener@15fb4566, org.springframework.boot.test.autoconfigure.restdocs.RestDocsTestExecutionListener@25ffd826, org.springframework.boot.test.autoconfigure.web.client.MockRestServiceServerResetTestExecutionListener@29896529, org.springframework.boot.test.autoconfigure.web.servlet.MockMvcPrintOnlyOnFailureTestExecutionListener@e29f4f6, org.springframework.boot.test.autoconfigure.web.servlet.WebDriverTestExecutionListener@41b64020, org.springframework.boot.test.autoconfigure.webservices.client.MockWebServiceServerTestExecutionListener@1a538ed8, org.springframework.boot.test.mock.mockito.ResetMocksTestExecutionListener@78910096]
Registering new order, ID: -1
Access denied. User is not authenticated.
2023-02-24 16:13:14.377  INFO 21716 --- [    Test worker] c.k.m.patterns2.facade.api.TheWatcher    : 
Class: com.kodilla.matrix.patterns2.facade.api.OrderFacade
OrderId: [ProductId = 10 : Qty = 2.0, ProductId = 216 : Qty = 1.0, ProductId = 25 : Qty = 1.0, ProductId = 11 : Qty = 3.0]
UserId: 1
2023-02-24 16:13:14.386  INFO 21716 --- [    Test worker] c.k.m.patterns2.facade.api.OrderFacade   : Registering new order, ID: 1
2023-02-24 16:13:14.386  INFO 21716 --- [    Test worker] c.k.m.patterns2.facade.api.OrderFacade   : Adding item 10, 2.0 pcs
2023-02-24 16:13:14.389  INFO 21716 --- [    Test worker] c.k.m.patterns2.facade.api.OrderFacade   : Adding item 216, 1.0 pcs
2023-02-24 16:13:14.389  INFO 21716 --- [    Test worker] c.k.m.patterns2.facade.api.OrderFacade   : Adding item 25, 1.0 pcs
2023-02-24 16:13:14.389  INFO 21716 --- [    Test worker] c.k.m.patterns2.facade.api.OrderFacade   : Adding item 11, 3.0 pcs
2023-02-24 16:13:14.390  INFO 21716 --- [    Test worker] c.k.m.patterns2.facade.api.OrderFacade   : Order value is: 5922 USD
2023-02-24 16:13:14.390 ERROR 21716 --- [    Test worker] c.k.m.patterns2.facade.api.OrderFacade   : Payment was rejected
2023-02-24 16:13:14.390  INFO 21716 --- [    Test worker] c.k.m.patterns2.facade.api.OrderFacade   : Cancelling order 1
]]></system-out>
  <system-err><![CDATA[]]></system-err>
</testsuite>
