<?xml version="1.0" encoding="UTF-8"?>
<testsuite name="com.kodilla.matrix.patterns2.adapter.company.SalaryAdapterTestSuite" tests="1" skipped="0" failures="0" errors="0" timestamp="2023-02-24T15:13:12" hostname="LAPTOP-6257JG67" time="0.01">
  <properties/>
  <testcase name="testTotalSalary()" classname="com.kodilla.matrix.patterns2.adapter.company.SalaryAdapterTestSuite" time="0.01"/>
  <system-out><![CDATA[Employee{peselId='67032906720', firstname='John', lastname='Smith', baseSalary=4500}
Employee{peselId='62081612187', firstname='Ivone', lastname='Novak', baseSalary=3700}
Employee{peselId='75021310799', firstname='Jessie', lastname='Pinkman', baseSalary=4350}
Employee{peselId='75012200766', firstname='Walter', lastname='White', baseSalary=9000}
Employee{peselId='75073006831', firstname='Clara', lastname='Lanson', baseSalary=6200}
27750.0
]]></system-out>
  <system-err><![CDATA[]]></system-err>
</testsuite>
