<?xml version="1.0" encoding="UTF-8"?>
<testsuite name="com.kodilla.patterns2.ShopServiceTestSuite" tests="2" skipped="0" failures="0" errors="0" timestamp="2022-12-14T15:13:53" hostname="LAPTOP-6257JG67" time="0.652">
  <properties/>
  <testcase name="testShopServiceSubmitOrder()" classname="com.kodilla.patterns2.ShopServiceTestSuite" time="0.637"/>
  <testcase name="testShopFacade()" classname="com.kodilla.patterns2.ShopServiceTestSuite" time="0.014"/>
  <system-out><![CDATA[16:13:52.315 [Test worker] DEBUG org.springframework.test.context.BootstrapUtils - Instantiating CacheAwareContextLoaderDelegate from class [org.springframework.test.context.cache.DefaultCacheAwareContextLoaderDelegate]
16:13:52.326 [Test worker] DEBUG org.springframework.test.context.BootstrapUtils - Instantiating BootstrapContext using constructor [public org.springframework.test.context.support.DefaultBootstrapContext(java.lang.Class,org.springframework.test.context.CacheAwareContextLoaderDelegate)]
16:13:52.360 [Test worker] DEBUG org.springframework.test.context.BootstrapUtils - Instantiating TestContextBootstrapper for test class [com.kodilla.patterns2.ShopServiceTestSuite] from class [org.springframework.boot.test.context.SpringBootTestContextBootstrapper]
16:13:52.370 [Test worker] INFO org.springframework.boot.test.context.SpringBootTestContextBootstrapper - Neither @ContextConfiguration nor @ContextHierarchy found for test class [com.kodilla.patterns2.ShopServiceTestSuite], using SpringBootContextLoader
16:13:52.373 [Test worker] DEBUG org.springframework.test.context.support.AbstractContextLoader - Did not detect default resource location for test class [com.kodilla.patterns2.ShopServiceTestSuite]: class path resource [com/kodilla/patterns2/ShopServiceTestSuite-context.xml] does not exist
16:13:52.374 [Test worker] DEBUG org.springframework.test.context.support.AbstractContextLoader - Did not detect default resource location for test class [com.kodilla.patterns2.ShopServiceTestSuite]: class path resource [com/kodilla/patterns2/ShopServiceTestSuiteContext.groovy] does not exist
16:13:52.374 [Test worker] INFO org.springframework.test.context.support.AbstractContextLoader - Could not detect default resource locations for test class [com.kodilla.patterns2.ShopServiceTestSuite]: no resource found for suffixes {-context.xml, Context.groovy}.
16:13:52.374 [Test worker] INFO org.springframework.test.context.support.AnnotationConfigContextLoaderUtils - Could not detect default configuration classes for test class [com.kodilla.patterns2.ShopServiceTestSuite]: ShopServiceTestSuite does not declare any static, non-private, non-final, nested classes annotated with @Configuration.
16:13:52.413 [Test worker] DEBUG org.springframework.test.context.support.ActiveProfilesUtils - Could not find an 'annotation declaring class' for annotation type [org.springframework.test.context.ActiveProfiles] and class [com.kodilla.patterns2.ShopServiceTestSuite]
16:13:52.467 [Test worker] DEBUG org.springframework.context.annotation.ClassPathScanningCandidateComponentProvider - Identified candidate component class: file [C:\Users\wisni\dev\kodilla-course-Java\kodilla-patterns2\build\classes\java\main\com\kodilla\patterns2\KodillaApplication.class]
16:13:52.468 [Test worker] INFO org.springframework.boot.test.context.SpringBootTestContextBootstrapper - Found @SpringBootConfiguration com.kodilla.patterns2.KodillaApplication for test class com.kodilla.patterns2.ShopServiceTestSuite
16:13:52.557 [Test worker] DEBUG org.springframework.boot.test.context.SpringBootTestContextBootstrapper - @TestExecutionListeners is not present for class [com.kodilla.patterns2.ShopServiceTestSuite]: using defaults.
16:13:52.558 [Test worker] INFO org.springframework.boot.test.context.SpringBootTestContextBootstrapper - Loaded default TestExecutionListener class names from location [META-INF/spring.factories]: [org.springframework.boot.test.autoconfigure.restdocs.RestDocsTestExecutionListener, org.springframework.boot.test.autoconfigure.web.client.MockRestServiceServerResetTestExecutionListener, org.springframework.boot.test.autoconfigure.web.servlet.MockMvcPrintOnlyOnFailureTestExecutionListener, org.springframework.boot.test.autoconfigure.web.servlet.WebDriverTestExecutionListener, org.springframework.boot.test.autoconfigure.webservices.client.MockWebServiceServerTestExecutionListener, org.springframework.boot.test.mock.mockito.MockitoTestExecutionListener, org.springframework.boot.test.mock.mockito.ResetMocksTestExecutionListener, org.springframework.test.context.web.ServletTestExecutionListener, org.springframework.test.context.support.DirtiesContextBeforeModesTestExecutionListener, org.springframework.test.context.event.ApplicationEventsTestExecutionListener, org.springframework.test.context.support.DependencyInjectionTestExecutionListener, org.springframework.test.context.support.DirtiesContextTestExecutionListener, org.springframework.test.context.transaction.TransactionalTestExecutionListener, org.springframework.test.context.jdbc.SqlScriptsTestExecutionListener, org.springframework.test.context.event.EventPublishingTestExecutionListener]
16:13:52.568 [Test worker] DEBUG org.springframework.boot.test.context.SpringBootTestContextBootstrapper - Skipping candidate TestExecutionListener [org.springframework.test.context.web.ServletTestExecutionListener] due to a missing dependency. Specify custom listener classes or make the default listener classes and their required dependencies available. Offending class: [javax/servlet/ServletContext]
16:13:52.570 [Test worker] DEBUG org.springframework.boot.test.context.SpringBootTestContextBootstrapper - Skipping candidate TestExecutionListener [org.springframework.test.context.transaction.TransactionalTestExecutionListener] due to a missing dependency. Specify custom listener classes or make the default listener classes and their required dependencies available. Offending class: [org/springframework/transaction/interceptor/TransactionAttributeSource]
16:13:52.570 [Test worker] DEBUG org.springframework.boot.test.context.SpringBootTestContextBootstrapper - Skipping candidate TestExecutionListener [org.springframework.test.context.jdbc.SqlScriptsTestExecutionListener] due to a missing dependency. Specify custom listener classes or make the default listener classes and their required dependencies available. Offending class: [org/springframework/transaction/interceptor/TransactionAttribute]
16:13:52.571 [Test worker] INFO org.springframework.boot.test.context.SpringBootTestContextBootstrapper - Using TestExecutionListeners: [org.springframework.test.context.support.DirtiesContextBeforeModesTestExecutionListener@1252b961, org.springframework.test.context.event.ApplicationEventsTestExecutionListener@9ed238c, org.springframework.boot.test.mock.mockito.MockitoTestExecutionListener@56276db8, org.springframework.boot.test.autoconfigure.SpringBootDependencyInjectionTestExecutionListener@51e8e6e6, org.springframework.test.context.support.DirtiesContextTestExecutionListener@56f6d40b, org.springframework.test.context.event.EventPublishingTestExecutionListener@36676c1a, org.springframework.boot.test.autoconfigure.restdocs.RestDocsTestExecutionListener@5b408dc3, org.springframework.boot.test.autoconfigure.web.client.MockRestServiceServerResetTestExecutionListener@4d098f9b, org.springframework.boot.test.autoconfigure.web.servlet.MockMvcPrintOnlyOnFailureTestExecutionListener@2dbf4cbd, org.springframework.boot.test.autoconfigure.web.servlet.WebDriverTestExecutionListener@20b5f2ac, org.springframework.boot.test.autoconfigure.webservices.client.MockWebServiceServerTestExecutionListener@7fc44dec, org.springframework.boot.test.mock.mockito.ResetMocksTestExecutionListener@7e3060d8]
16:13:52.574 [Test worker] DEBUG org.springframework.test.context.support.AbstractDirtiesContextTestExecutionListener - Before test class: context [DefaultTestContext@69637b10 testClass = ShopServiceTestSuite, testInstance = [null], testMethod = [null], testException = [null], mergedContextConfiguration = [MergedContextConfiguration@71984c3 testClass = ShopServiceTestSuite, locations = '{}', classes = '{class com.kodilla.patterns2.KodillaApplication}', contextInitializerClasses = '[]', activeProfiles = '{}', propertySourceLocations = '{}', propertySourceProperties = '{org.springframework.boot.test.context.SpringBootTestContextBootstrapper=true}', contextCustomizers = set[org.springframework.boot.test.autoconfigure.actuate.metrics.MetricsExportContextCustomizerFactory$DisableMetricExportContextCustomizer@524f3b3a, org.springframework.boot.test.autoconfigure.properties.PropertyMappingContextCustomizer@0, org.springframework.boot.test.autoconfigure.web.servlet.WebDriverContextCustomizerFactory$Customizer@539d019, org.springframework.boot.test.context.filter.ExcludeFilterContextCustomizer@6f63b475, org.springframework.boot.test.json.DuplicateJsonObjectContextCustomizerFactory$DuplicateJsonObjectContextCustomizer@b2c5e07, org.springframework.boot.test.mock.mockito.MockitoContextCustomizer@0, org.springframework.boot.test.web.client.TestRestTemplateContextCustomizer@676cf48, org.springframework.boot.test.context.SpringBootTestArgs@1, org.springframework.boot.test.context.SpringBootTestWebEnvironment@3e6ef8ad], contextLoader = 'org.springframework.boot.test.context.SpringBootContextLoader', parent = [null]], attributes = map[[empty]]], class annotated with @DirtiesContext [false] with mode [null].
16:13:52.595 [Test worker] DEBUG org.springframework.test.context.support.DependencyInjectionTestExecutionListener - Performing dependency injection for test context [[DefaultTestContext@69637b10 testClass = ShopServiceTestSuite, testInstance = com.kodilla.patterns2.ShopServiceTestSuite@74e47444, testMethod = [null], testException = [null], mergedContextConfiguration = [MergedContextConfiguration@71984c3 testClass = ShopServiceTestSuite, locations = '{}', classes = '{class com.kodilla.patterns2.KodillaApplication}', contextInitializerClasses = '[]', activeProfiles = '{}', propertySourceLocations = '{}', propertySourceProperties = '{org.springframework.boot.test.context.SpringBootTestContextBootstrapper=true}', contextCustomizers = set[org.springframework.boot.test.autoconfigure.actuate.metrics.MetricsExportContextCustomizerFactory$DisableMetricExportContextCustomizer@524f3b3a, org.springframework.boot.test.autoconfigure.properties.PropertyMappingContextCustomizer@0, org.springframework.boot.test.autoconfigure.web.servlet.WebDriverContextCustomizerFactory$Customizer@539d019, org.springframework.boot.test.context.filter.ExcludeFilterContextCustomizer@6f63b475, org.springframework.boot.test.json.DuplicateJsonObjectContextCustomizerFactory$DuplicateJsonObjectContextCustomizer@b2c5e07, org.springframework.boot.test.mock.mockito.MockitoContextCustomizer@0, org.springframework.boot.test.web.client.TestRestTemplateContextCustomizer@676cf48, org.springframework.boot.test.context.SpringBootTestArgs@1, org.springframework.boot.test.context.SpringBootTestWebEnvironment@3e6ef8ad], contextLoader = 'org.springframework.boot.test.context.SpringBootContextLoader', parent = [null]], attributes = map['org.springframework.test.context.event.ApplicationEventsTestExecutionListener.recordApplicationEvents' -> false]]].

  .   ____          _            __ _ _
 /\\ / ___'_ __ _ _(_)_ __  __ _ \ \ \ \
( ( )\___ | '_ | '_| | '_ \/ _` | \ \ \ \
 \\/  ___)| |_)| | | | | || (_| |  ) ) ) )
  '  |____| .__|_| |_|_| |_\__, | / / / /
 =========|_|==============|___/=/_/_/_/
 :: Spring Boot ::                (v2.7.5)

2022-12-14 16:13:52.918  INFO 20704 --- [    Test worker] c.k.patterns2.ShopServiceTestSuite       : Starting ShopServiceTestSuite using Java 17.0.4 on LAPTOP-6257JG67 with PID 20704 (started by wisni in C:\Users\wisni\dev\kodilla-course-Java\kodilla-patterns2)
2022-12-14 16:13:52.920  INFO 20704 --- [    Test worker] c.k.patterns2.ShopServiceTestSuite       : No active profile set, falling back to 1 default profile: "default"
2022-12-14 16:13:53.580  INFO 20704 --- [    Test worker] c.k.patterns2.ShopServiceTestSuite       : Started ShopServiceTestSuite in 0.96 seconds (JVM running for 2.067)
Registering new order, ID: 1
Adding item: 10, 2 pcs
Adding item: 216, 1 pc
Adding item: 25, 1 pc
Adding item: 100, 2.5 pcs
Adding item: 11, 3 pcs
Item 100 was deleted from order
Order value is: 6777 USD
Payment was rejected
Order cannot be submitted
Order not submitted - cancelling
Order is cancelled
2022-12-14 16:13:54.245  INFO 20704 --- [    Test worker] c.k.patterns2.facade.api.OrderFacade     : Registering new order, ID: 1
2022-12-14 16:13:54.250  INFO 20704 --- [    Test worker] c.k.patterns2.facade.api.OrderFacade     : Adding item 10, 2.0 pcs
2022-12-14 16:13:54.250  INFO 20704 --- [    Test worker] c.k.patterns2.facade.api.OrderFacade     : Adding item 216, 1.0 pcs
2022-12-14 16:13:54.250  INFO 20704 --- [    Test worker] c.k.patterns2.facade.api.OrderFacade     : Adding item 25, 1.0 pcs
2022-12-14 16:13:54.251  INFO 20704 --- [    Test worker] c.k.patterns2.facade.api.OrderFacade     : Adding item 11, 3.0 pcs
2022-12-14 16:13:54.251  INFO 20704 --- [    Test worker] c.k.patterns2.facade.api.OrderFacade     : Order value is: 10224 USD
2022-12-14 16:13:54.252  INFO 20704 --- [    Test worker] c.k.patterns2.facade.api.OrderFacade     : Payment for order was done
2022-12-14 16:13:54.252  INFO 20704 --- [    Test worker] c.k.patterns2.facade.api.OrderFacade     : Order is ready to submit
2022-12-14 16:13:54.253  INFO 20704 --- [    Test worker] c.k.patterns2.facade.api.OrderFacade     : Order 1 submitted
]]></system-out>
  <system-err><![CDATA[]]></system-err>
</testsuite>
