<?xml version="1.0" encoding="UTF-8"?>
<testsuite name="com.kodilla.jdbc.StoredProcTestSuite" tests="2" skipped="0" failures="0" errors="0" timestamp="2023-02-27T11:43:47" hostname="LAPTOP-6257JG67" time="0.077">
  <properties/>
  <testcase name="testUpdateBestsellers()" classname="com.kodilla.jdbc.StoredProcTestSuite" time="0.037"/>
  <testcase name="testUpdateVipLevels()" classname="com.kodilla.jdbc.StoredProcTestSuite" time="0.04"/>
  <system-out><![CDATA[]]></system-out>
  <system-err><![CDATA[]]></system-err>
</testsuite>
