<?xml version="1.0" encoding="UTF-8"?>
<testsuite name="com.kodilla.jdbc.DbManagerTestSuite" tests="3" skipped="0" failures="0" errors="0" timestamp="2023-02-27T11:43:47" hostname="LAPTOP-6257JG67" time="0.243">
  <properties/>
  <testcase name="testConnect()" classname="com.kodilla.jdbc.DbManagerTestSuite" time="0.2"/>
  <testcase name="testSelectUsersAndPosts()" classname="com.kodilla.jdbc.DbManagerTestSuite" time="0.035"/>
  <testcase name="testSelectUser()" classname="com.kodilla.jdbc.DbManagerTestSuite" time="0.006"/>
  <system-out><![CDATA[1) ID: 2, FIRST NAME: John, LAST NAME: Smith, POSTS QTY: 2
1, John, Smith
2, John, Smith
3, Zachary, Lee
4, Stephanie, Kovalsky
5, Thomas, Landgren
6, John, Thomson
]]></system-out>
  <system-err><![CDATA[]]></system-err>
</testsuite>
