<?xml version="1.0" encoding="UTF-8"?>
<testsuite name="com.kodilla.jdbc.StoredProcTestSuite" tests="1" skipped="0" failures="0" errors="0" timestamp="2023-02-21T17:24:29" hostname="LAPTOP-6257JG67" time="0.064">
  <properties/>
  <testcase name="testUpdateBestsellers()" classname="com.kodilla.jdbc.StoredProcTestSuite" time="0.064"/>
  <system-out><![CDATA[]]></system-out>
  <system-err><![CDATA[]]></system-err>
</testsuite>
